Log file open, 11/04/18 22:39:00
LogWindows: Failed to load 'aqProf.dll' (GetLastError=126)
LogWindows: File 'aqProf.dll' does not exist
LogWindows: Failed to load 'VtuneApi.dll' (GetLastError=126)
LogWindows: File 'VtuneApi.dll' does not exist
LogWindows: Failed to load 'VtuneApi32e.dll' (GetLastError=126)
LogWindows: File 'VtuneApi32e.dll' does not exist
LogInit: Display: Running engine for game: Dinochan_v001
LogPlatformFile: Not using cached read wrapper
LogTaskGraph: Started task graph with 5 named threads and 14 total threads with 3 sets of task threads.
LogStats: Stats thread started at 0.220982
LogD3D11RHI: Loaded GFSDK_Aftermath_Lib.x64.dll
LogICUInternationalization: Display: ICU TimeZone Detection - Raw Offset: -5:00, Platform Override: ''
LogPluginManager: Mounting plugin Paper2D
LogPluginManager: Mounting plugin AISupport
LogPluginManager: Mounting plugin LightPropagationVolume
LogPluginManager: Mounting plugin CLionSourceCodeAccess
LogPluginManager: Mounting plugin CodeLiteSourceCodeAccess
LogPluginManager: Mounting plugin GitSourceControl
LogPluginManager: Mounting plugin KDevelopSourceCodeAccess
LogPluginManager: Mounting plugin NullSourceCodeAccess
LogPluginManager: Mounting plugin PerforceSourceControl
LogPluginManager: Mounting plugin SubversionSourceControl
LogPluginManager: Mounting plugin UObjectPlugin
LogPluginManager: Mounting plugin VisualStudioCodeSourceCodeAccess
LogPluginManager: Mounting plugin VisualStudioSourceCodeAccess
LogPluginManager: Mounting plugin XCodeSourceCodeAccess
LogPluginManager: Mounting plugin AssetManagerEditor
LogPluginManager: Mounting plugin CryptoKeys
LogPluginManager: Mounting plugin DataValidation
LogPluginManager: Mounting plugin FacialAnimation
LogPluginManager: Mounting plugin GameplayTagsEditor
LogPluginManager: Mounting plugin MacGraphicsSwitching
LogPluginManager: Mounting plugin MeshEditor
LogPluginManager: Mounting plugin MobileLauncherProfileWizard
LogPluginManager: Mounting plugin PluginBrowser
LogPluginManager: Mounting plugin SpeedTreeImporter
LogPluginManager: Mounting plugin DatasmithContent
LogPluginManager: Mounting plugin AlembicImporter
LogPluginManager: Mounting plugin AppleImageUtils
LogPluginManager: Mounting plugin AppleVision
LogPluginManager: Mounting plugin BackChannel
LogPluginManager: Mounting plugin CharacterAI
LogPluginManager: Mounting plugin GeometryCache
LogPluginManager: Mounting plugin HTML5Networking
LogPluginManager: Mounting plugin ProxyLODPlugin
LogPluginManager: Mounting plugin MagicLeap
LogPluginManager: Mounting plugin MagicLeapEmulator
LogPluginManager: Mounting plugin MagicLeapMedia
LogPluginManager: Mounting plugin AndroidMedia
LogPluginManager: Mounting plugin AvfMedia
LogPluginManager: Mounting plugin ImgMedia
LogPluginManager: Mounting plugin LinearTimecode
LogPluginManager: Mounting plugin MediaCompositing
LogPluginManager: Mounting plugin MediaPlayerEditor
LogPluginManager: Mounting plugin WmfMedia
LogPluginManager: Mounting plugin TcpMessaging
LogPluginManager: Mounting plugin UdpMessaging
LogPluginManager: Mounting plugin ActorSequence
LogPluginManager: Mounting plugin LevelSequenceEditor
LogPluginManager: Mounting plugin MatineeToLevelSequence
LogPluginManager: Mounting plugin NetcodeUnitTest
LogPluginManager: Mounting plugin NUTUnrealEngine4
LogPluginManager: Mounting plugin OnlineSubsystemGooglePlay
LogPluginManager: Mounting plugin OnlineSubsystemIOS
LogPluginManager: Mounting plugin OnlineSubsystem
LogPluginManager: Mounting plugin OnlineSubsystemNull
LogPluginManager: Mounting plugin OnlineSubsystemUtils
LogPluginManager: Mounting plugin LauncherChunkInstaller
LogPluginManager: Mounting plugin AndroidDeviceProfileSelector
LogPluginManager: Mounting plugin AndroidMoviePlayer
LogPluginManager: Mounting plugin AndroidPermission
LogPluginManager: Mounting plugin AppleMoviePlayer
LogPluginManager: Mounting plugin ArchVisCharacter
LogPluginManager: Mounting plugin AudioCapture
LogPluginManager: Mounting plugin CableComponent
LogPluginManager: Mounting plugin CustomMeshComponent
LogPluginManager: Mounting plugin EditableMesh
LogPluginManager: Mounting plugin ExampleDeviceProfileSelector
LogPluginManager: Mounting plugin GoogleCloudMessaging
LogPluginManager: Mounting plugin ImmediatePhysics
LogPluginManager: Mounting plugin IOSDeviceProfileSelector
LogPluginManager: Mounting plugin LinuxDeviceProfileSelector
LogPluginManager: Mounting plugin LocationServicesBPLibrary
LogPluginManager: Mounting plugin MobilePatchingUtils
LogPluginManager: Mounting plugin OculusVR
LogPluginManager: Plugin shader directory ../../../Engine/Plugins/Runtime/Oculus/OculusVR/Shaders found
LogPluginManager: Mapping shader source directory ../../../Engine/Plugins/Runtime/Oculus/OculusVR/Shaders to virtual directory /Plugin/OculusVR
LogPluginManager: Mounting plugin PhysXVehicles
LogPluginManager: Mounting plugin ProceduralMeshComponent
LogPluginManager: Mounting plugin RuntimePhysXCooking
LogPluginManager: Mounting plugin SteamVR
LogPluginManager: Mounting plugin WindowsMoviePlayer
LogStreaming: Display: Took  0.215s to configure plugins.
LogInit: Using libcurl 7.55.1-DEV
LogInit:  - built for x86_64-pc-win32
LogInit:  - supports SSL with OpenSSL/1.0.2h
LogInit:  - supports HTTP deflate (compression) using libz 1.2.8
LogInit:  - other features:
LogInit:      CURL_VERSION_SSL
LogInit:      CURL_VERSION_LIBZ
LogInit:      CURL_VERSION_IPV6
LogInit:      CURL_VERSION_ASYNCHDNS
LogInit:      CURL_VERSION_LARGEFILE
LogInit:      CURL_VERSION_IDN
LogInit:  CurlRequestOptions (configurable via config and command line):
LogInit:  - bVerifyPeer = false  - Libcurl will NOT verify peer certificate
LogInit:  - bUseHttpProxy = false  - Libcurl will NOT use HTTP proxy
LogInit:  - bDontReuseConnections = false  - Libcurl will reuse connections
LogInit:  - CertBundlePath = nullptr  - Libcurl will use whatever was configured at build time.
LogInit:  - MaxHostConnections = 16  - Libcurl will limit the number of connections to a host
LogInit:  - LocalHostAddr = Default
LogInit:  - BufferSize = 65536
LogInit: WinSock: version 1.1 (2.2), MaxSocks=32767, MaxUdp=65467
LogInit: Build: ++UE4+Release-4.20-CL-4369336
LogInit: Engine Version: 4.20.3-4369336+++UE4+Release-4.20
LogInit: Compatible Engine Version: 4.20.0-4212847+++UE4+Release-4.20
LogInit: Net CL: 4212847
LogInit: OS: Windows 10 (), CPU: Intel(R) Core(TM) i5-4670K CPU @ 3.40GHz, GPU: NVIDIA GeForce GTX 760
LogInit: Compiled (64-bit): Sep 17 2018 12:26:19
LogInit: Compiled with Visual C++: 19.13.26129.00
LogInit: Build Configuration: Development
LogInit: Branch Name: ++UE4+Release-4.20
LogInit: Command Line:  
LogInit: Base Directory: C:/Program Files/Epic Games/UE_4.20/Engine/Binaries/Win64/
LogInit: Installed Engine Build: 1
LogDevObjectVersion: Number of dev versions registered: 20
LogDevObjectVersion:   Dev-Blueprints (B0D832E4-1F89-4F0D-ACCF-7EB736FD4AA2): 10
LogDevObjectVersion:   Dev-Build (E1C64328-A22C-4D53-A36C-8E866417BD8C): 0
LogDevObjectVersion:   Dev-Core (375EC13C-06E4-48FB-B500-84F0262A717E): 2
LogDevObjectVersion:   Dev-Editor (E4B068ED-F494-42E9-A231-DA0B2E46BB41): 24
LogDevObjectVersion:   Dev-Framework (CFFC743F-43B0-4480-9391-14DF171D2073): 34
LogDevObjectVersion:   Dev-Mobile (B02B49B5-BB20-44E9-A304-32B752E40360): 2
LogDevObjectVersion:   Dev-Networking (A4E4105C-59A1-49B5-A7C5-40C4547EDFEE): 0
LogDevObjectVersion:   Dev-Online (39C831C9-5AE6-47DC-9A44-9C173E1C8E7C): 0
LogDevObjectVersion:   Dev-Physics (78F01B33-EBEA-4F98-B9B4-84EACCB95AA2): 0
LogDevObjectVersion:   Dev-Platform (6631380F-2D4D-43E0-8009-CF276956A95A): 0
LogDevObjectVersion:   Dev-Rendering (12F88B9F-8875-4AFC-A67C-D90C383ABD29): 26
LogDevObjectVersion:   Dev-Sequencer (7B5AE74C-D270-4C10-A958-57980B212A5A): 9
LogDevObjectVersion:   Dev-VR (D7296918-1DD6-4BDD-9DE2-64A83CC13884): 2
LogDevObjectVersion:   Dev-LoadTimes (C2A15278-BFE7-4AFE-6C17-90FF531DF755): 1
LogDevObjectVersion:   Private-Geometry (6EACA3D4-40EC-4CC1-B786-8BED09428FC5): 3
LogDevObjectVersion:   Dev-AnimPhys (29E575DD-E0A3-4627-9D10-D276232CDCEA): 17
LogDevObjectVersion:   Dev-ReflectionCapture (6B266CEC-1EC7-4B8F-A30B-E4D90942FC07): 1
LogDevObjectVersion:   Dev-Automation (0DF73D61-A23F-47EA-B727-89E90C41499A): 1
LogDevObjectVersion:   FortniteMain (601D1886-AC64-4F84-AA16-D3DE0DEAC7D6): 12
LogDevObjectVersion:   Dev-Enterprise (9DFFBCD6-494F-0158-E221-12823C92A888): 1
LogStreaming: Display: Took  0.001s to delete old logs.
LogInit: Presizing for max 8388607 objects, including 0 objects not considered by GC, pre-allocating 0 bytes for permanent pool.
LogInit: Object subsystem initialized
[2018.11.05-03.39.00:781][  0]LogInit: Selected Device Profile: [Windows]
[2018.11.05-03.39.00:781][  0]LogInit: Applying CVar settings loaded from the selected device profile: [Windows]
[2018.11.05-03.39.00:816][  0]LogHAL: Display: Platform has ~ 16 GB [17121071104 / 17179869184 / 16], which maps to Larger [LargestMinGB=32, LargerMinGB=12, DefaultMinGB=8, SmallerMinGB=6, SmallestMinGB=0)
[2018.11.05-03.39.00:816][  0]LogInit: Setting Device Profile CVar: [[r.Vulkan.UseRealUBs:1]]
[2018.11.05-03.39.00:816][  0]LogInit: Going up to parent DeviceProfile []
[2018.11.05-03.39.00:816][  0]LogInit: Computer: BIGTOTE
[2018.11.05-03.39.00:816][  0]LogInit: User: Aislynn
[2018.11.05-03.39.00:816][  0]LogInit: CPU Page size=4096, Cores=4
[2018.11.05-03.39.00:816][  0]LogInit: High frequency timer resolution =3.320312 MHz
[2018.11.05-03.39.00:817][  0]LogMemory: Memory total: Physical=15.9GB (16GB approx)
[2018.11.05-03.39.00:817][  0]LogMemory: Platform Memory Stats for Windows
[2018.11.05-03.39.00:817][  0]LogMemory: Process Physical Memory: 100.27 MB used, 100.27 MB peak
[2018.11.05-03.39.00:817][  0]LogMemory: Process Virtual Memory: 84.45 MB used, 84.45 MB peak
[2018.11.05-03.39.00:817][  0]LogMemory: Physical Memory: 8631.15 MB used,  7696.78 MB free, 16327.93 MB total
[2018.11.05-03.39.00:817][  0]LogMemory: Virtual Memory: 4620.55 MB used,  7696.78 MB free, 134217728.00 MB total
[2018.11.05-03.39.00:863][  0]LogInit: Using OS detected language (en-US).
[2018.11.05-03.39.00:863][  0]LogInit: Using OS detected locale (en-US).
[2018.11.05-03.39.00:865][  0]LogTextLocalizationManager: No specific localization for 'en-US' exists, so the 'en' localization will be used.
[2018.11.05-03.39.01:204][  0]LogStreaming: Display: Took  0.340s to InitEngineTextLocalization.
[2018.11.05-03.39.01:204][  0]LogInit: Setting process to per monitor DPI aware
[2018.11.05-03.39.01:262][  0]LogSlate: New Slate User Created.  User Index 0, Is Virtual User: 0
[2018.11.05-03.39.01:262][  0]LogSlate: Slate User Registered.  User Index 0, Is Virtual User: 0
[2018.11.05-03.39.01:731][  0]LogHMD: Failed to initialize OpenVR with code 105
[2018.11.05-03.39.01:731][  0]LogD3D11RHI: D3D11 adapters:
[2018.11.05-03.39.01:791][  0]LogD3D11RHI:    0. 'NVIDIA GeForce GTX 760' (Feature Level 11_0)
[2018.11.05-03.39.01:791][  0]LogD3D11RHI:       2007/0/8163 MB DedicatedVideo/DedicatedSystem/SharedSystem, Outputs:2, VendorId:0x10de
[2018.11.05-03.39.01:793][  0]LogD3D11RHI:    1. 'Microsoft Basic Render Driver' (Feature Level 11_0)
[2018.11.05-03.39.01:793][  0]LogD3D11RHI:       0/0/8163 MB DedicatedVideo/DedicatedSystem/SharedSystem, Outputs:0, VendorId:0x1414
[2018.11.05-03.39.01:793][  0]LogD3D11RHI: Chosen D3D11 Adapter: 0
[2018.11.05-03.39.01:815][  0]LogD3D11RHI: Creating new Direct3DDevice
[2018.11.05-03.39.01:815][  0]LogD3D11RHI:     GPU DeviceId: 0x1187 (for the marketing name, search the web for "GPU Device Id")
[2018.11.05-03.39.01:815][  0]LogWindows: EnumDisplayDevices:
[2018.11.05-03.39.01:815][  0]LogWindows:    0. 'NVIDIA GeForce GTX 760' (P:0 D:1)
[2018.11.05-03.39.01:815][  0]LogWindows:    1. 'NVIDIA GeForce GTX 760' (P:1 D:1)
[2018.11.05-03.39.01:816][  0]LogWindows:    2. 'NVIDIA GeForce GTX 760' (P:0 D:0)
[2018.11.05-03.39.01:816][  0]LogWindows:    3. 'NVIDIA GeForce GTX 760' (P:0 D:0)
[2018.11.05-03.39.01:817][  0]LogWindows: DebugString: FoundDriverCount:4 
[2018.11.05-03.39.01:817][  0]LogD3D11RHI:     Adapter Name: NVIDIA GeForce GTX 760
[2018.11.05-03.39.01:817][  0]LogD3D11RHI:   Driver Version: 398.82 (internal:24.21.13.9882, unified:398.82)
[2018.11.05-03.39.01:817][  0]LogD3D11RHI:      Driver Date: 7-30-2018
[2018.11.05-03.39.01:817][  0]LogRHI: Texture pool is 1404 MB (70% of 2007 MB)
[2018.11.05-03.39.01:854][  0]LogD3D11RHI: Async texture creation enabled
[2018.11.05-03.39.01:872][  0]LogD3D11RHI: GPU Timing Frequency: 1000.000000 (Debug: 2 2)
[2018.11.05-03.39.01:923][  0]LogShaderCompilers: Guid format shader working directory is -50 characters bigger than the processId version (E:/Documents/Capstone/TAD_GitKraken_Repository/TAo_Dinochan/TAD_v00.00.01/Dinochan_v001_UE4.20.3/Intermediate/Shaders/WorkingDirectory/155728/).
[2018.11.05-03.39.01:923][  0]LogShaderCompilers: Cleaned the shader compiler working directory 'C:/Users/Aislynn/AppData/Local/Temp/UnrealShaderWorkingDir/DB957610491CE3B7EBE2C2A77C04A578/'.
[2018.11.05-03.39.02:302][  0]LogTemp: Display: Loaded TP AllDesktopTargetPlatform
[2018.11.05-03.39.02:317][  0]LogTemp: Display: Loaded TP MacClientTargetPlatform
[2018.11.05-03.39.02:332][  0]LogTemp: Display: Loaded TP MacNoEditorTargetPlatform
[2018.11.05-03.39.02:347][  0]LogTemp: Display: Loaded TP MacServerTargetPlatform
[2018.11.05-03.39.02:380][  0]LogTemp: Display: Loaded TP MacTargetPlatform
[2018.11.05-03.39.02:395][  0]LogTemp: Display: Loaded TP WindowsClientTargetPlatform
[2018.11.05-03.39.02:408][  0]LogTemp: Display: Loaded TP WindowsNoEditorTargetPlatform
[2018.11.05-03.39.02:424][  0]LogTemp: Display: Loaded TP WindowsServerTargetPlatform
[2018.11.05-03.39.02:432][  0]LogTemp: Display: Loaded TP WindowsTargetPlatform
[2018.11.05-03.39.02:545][  0]LogTemp: Display: Loaded TP AndroidTargetPlatform
[2018.11.05-03.39.02:545][  0]LogTemp: Display: Loaded TP AndroidTargetPlatform
[2018.11.05-03.39.02:545][  0]LogTemp: Display: Loaded TP AndroidTargetPlatform
[2018.11.05-03.39.02:545][  0]LogTemp: Display: Loaded TP AndroidTargetPlatform
[2018.11.05-03.39.02:545][  0]LogTemp: Display: Loaded TP AndroidTargetPlatform
[2018.11.05-03.39.02:545][  0]LogTemp: Display: Loaded TP AndroidTargetPlatform
[2018.11.05-03.39.02:545][  0]LogTemp: Display: Loaded TP AndroidTargetPlatform
[2018.11.05-03.39.02:545][  0]LogTemp: Display: Loaded TP AndroidTargetPlatform
[2018.11.05-03.39.02:545][  0]LogTemp: Display: Loaded TP AndroidTargetPlatform
[2018.11.05-03.39.02:545][  0]LogTemp: Display: Loaded TP AndroidTargetPlatform
[2018.11.05-03.39.02:545][  0]LogTemp: Display: Loaded TP AndroidTargetPlatform
[2018.11.05-03.39.02:545][  0]LogTemp: Display: Loaded TP AndroidTargetPlatform
[2018.11.05-03.39.02:545][  0]LogTemp: Display: Loaded TP AndroidTargetPlatform
[2018.11.05-03.39.02:545][  0]LogTemp: Display: Loaded TP AndroidTargetPlatform
[2018.11.05-03.39.02:545][  0]LogTemp: Display: Loaded TP AndroidTargetPlatform
[2018.11.05-03.39.02:545][  0]LogTemp: Display: Loaded TP AndroidTargetPlatform
[2018.11.05-03.39.02:545][  0]LogTemp: Display: Loaded TP AndroidTargetPlatform
[2018.11.05-03.39.02:545][  0]LogTemp: Display: Loaded TP AndroidTargetPlatform
[2018.11.05-03.39.02:549][  0]LogTemp: Display: Loaded TP HTML5TargetPlatform
[2018.11.05-03.39.02:636][  0]LogTemp: Display: Loaded TP IOSTargetPlatform
[2018.11.05-03.39.02:636][  0]LogTemp: Display: Loaded TP IOSTargetPlatform
[2018.11.05-03.39.02:661][  0]LogTemp: Display: Loaded TP TVOSTargetPlatform
[2018.11.05-03.39.02:662][  0]LogTemp: Display: Loaded TP TVOSTargetPlatform
[2018.11.05-03.39.02:676][  0]LogTemp: Display: Loaded TP LinuxClientTargetPlatform
[2018.11.05-03.39.02:690][  0]LogTemp: Display: Loaded TP LinuxNoEditorTargetPlatform
[2018.11.05-03.39.02:705][  0]LogTemp: Display: Loaded TP LinuxServerTargetPlatform
[2018.11.05-03.39.02:736][  0]LogTemp: Display: Loaded TP LinuxTargetPlatform
[2018.11.05-03.39.02:748][  0]LogTemp: Display: Loaded TP LuminTargetPlatform
[2018.11.05-03.39.02:748][  0]LogTargetPlatformManager: Display: Building Assets For Windows
[2018.11.05-03.39.02:859][  0]LogXGEController: Cleaning working directory: C:/Users/Aislynn/AppData/Local/Temp/UnrealXGEWorkingDir/
[2018.11.05-03.39.02:860][  0]LogXGEController: Cannot use XGE Controller as Incredibuild is not installed on this machine.
[2018.11.05-03.39.02:860][  0]LogShaderCompilers: Cannot use XGE Shader Compiler as Incredibuild is not installed on this machine.
[2018.11.05-03.39.02:860][  0]LogShaderCompilers: Display: Using Local Shader Compiler.
[2018.11.05-03.39.07:733][  0]LogDerivedDataCache: Display: Max Cache Size: 512 MB
[2018.11.05-03.39.08:018][  0]LogDerivedDataCache: Loaded boot cache 0.28s 71MB C:/Users/Aislynn/AppData/Local/UnrealEngine/4.20/DerivedDataCache/Boot.ddc.
[2018.11.05-03.39.08:019][  0]LogDerivedDataCache: Display: Loaded Boot cache: C:/Users/Aislynn/AppData/Local/UnrealEngine/4.20/DerivedDataCache/Boot.ddc
[2018.11.05-03.39.08:019][  0]LogDerivedDataCache: FDerivedDataBackendGraph:  Pak pak cache file E:/Documents/Capstone/TAD_GitKraken_Repository/TAo_Dinochan/TAD_v00.00.01/Dinochan_v001_UE4.20.3/DerivedDataCache/DDC.ddp not found, will not use a pak cache.
[2018.11.05-03.39.08:019][  0]LogDerivedDataCache: Unable to find inner node Pak for hierarchical cache Hierarchy.
[2018.11.05-03.39.08:019][  0]LogDerivedDataCache: FDerivedDataBackendGraph:  CompressedPak pak cache file E:/Documents/Capstone/TAD_GitKraken_Repository/TAo_Dinochan/TAD_v00.00.01/Dinochan_v001_UE4.20.3/DerivedDataCache/Compressed.ddp not found, will not use a pak cache.
[2018.11.05-03.39.08:019][  0]LogDerivedDataCache: Unable to find inner node CompressedPak for hierarchical cache Hierarchy.
[2018.11.05-03.39.08:031][  0]LogDerivedDataCache: Display: Pak cache opened for reading ../../../Engine/DerivedDataCache/Compressed.ddp.
[2018.11.05-03.39.08:044][  0]LogDerivedDataCache: Using Local data cache path C:/Users/Aislynn/AppData/Local/UnrealEngine/Common/DerivedDataCache: Writable
[2018.11.05-03.39.08:044][  0]LogDerivedDataCache: Shared data cache path not found in *engine.ini, will not use an Shared cache.
[2018.11.05-03.39.08:044][  0]LogDerivedDataCache: Unable to find inner node Shared for hierarchical cache Hierarchy.
[2018.11.05-03.39.08:062][  0]LogMaterial: Verifying Global Shaders for PCD3D_SM5
[2018.11.05-03.39.08:063][  0]LogSlate: Using FreeType 2.6.0
[2018.11.05-03.39.08:094][  0]LogSlate: SlateFontServices - WITH_FREETYPE: 1, WITH_HARFBUZZ: 1
[2018.11.05-03.39.10:587][  0]LogAssetRegistry: FAssetRegistry took 0.0271 seconds to start up
[2018.11.05-03.39.10:950][  0]LogInit: Selected Device Profile: [Windows]
[2018.11.05-03.39.11:141][  0]LogSimplygon: Simplygon DLL not present - disabling.
[2018.11.05-03.39.11:150][  0]LogMeshReduction: Using SimplygonSwarm for distributed automatic mesh merging
[2018.11.05-03.39.11:150][  0]LogMeshReduction: Using ProxyLODMeshReduction for automatic mesh merging
[2018.11.05-03.39.11:150][  0]LogMeshReduction: Using QuadricMeshReduction for automatic static mesh reduction
[2018.11.05-03.39.11:150][  0]LogMeshReduction: No automatic skeletal mesh reduction module available
[2018.11.05-03.39.11:266][  0]LogNetVersion: Dinochan_v001 1.0.0, NetCL: 4212847, EngineNetVer: 5, GameNetVer: 0 (Checksum: 2574802920)
[2018.11.05-03.39.11:911][  0]LogPackageLocalizationCache: Processed 11 localized package path(s) for 2 prioritized culture(s) in 0.120311 seconds
[2018.11.05-03.39.11:917][  0]LogUObjectArray: 38425 objects as part of root set at end of initial load.
[2018.11.05-03.39.11:917][  0]LogUObjectAllocator: 6690872 out of 0 bytes used by permanent object pool.
[2018.11.05-03.39.11:917][  0]LogUObjectArray: CloseDisregardForGC: 0/0 objects in disregard for GC pool
[2018.11.05-03.39.53:927][  0]LogTcpMessaging: Initializing TcpMessaging bridge
[2018.11.05-03.39.53:941][  0]LogUdpMessaging: Initializing bridge on interface 0.0.0.0:0 to multicast group 230.0.0.1:6666.
[2018.11.05-03.39.55:219][  0]SourceControl: Source control is disabled
[2018.11.05-03.39.55:220][  0]SourceControl: Source control is disabled
[2018.11.05-03.39.55:223][  0]SourceControl: Source control is disabled
[2018.11.05-03.39.55:226][  0]SourceControl: Source control is disabled
[2018.11.05-03.39.55:973][  0]LogAndroidPermission: UAndroidPermissionCallbackProxy::GetInstance
[2018.11.05-03.39.56:111][  0]LogOcInput: OculusInput pre-init called
[2018.11.05-03.39.56:447][  0]LogEngine: Initializing Engine...
[2018.11.05-03.39.56:452][  0]LogHMD: Failed to initialize OpenVR with code 105
[2018.11.05-03.39.56:454][  0]LogStats: UGameplayTagsManager::ConstructGameplayTagTree: ImportINI prefixes -  0.000 s
[2018.11.05-03.39.56:454][  0]LogStats: UGameplayTagsManager::ConstructGameplayTagTree: Construct from data asset -  0.000 s
[2018.11.05-03.39.56:454][  0]LogStats: UGameplayTagsManager::ConstructGameplayTagTree: ImportINI -  0.000 s
[2018.11.05-03.39.56:454][  0]LogStats: UGameplayTagsManager::ConstructGameplayTagTree: GameplayTagTreeChangedEvent.Broadcast -  0.000 s
[2018.11.05-03.39.56:694][  0]LogInit: Initializing FReadOnlyCVARCache
[2018.11.05-03.39.56:712][  0]LogAIModule: Creating AISystem for world Untitled
[2018.11.05-03.39.56:751][  0]LogInit: XAudio2 using 'Speakers (USB Audio Device)' : 2 channels at 48 kHz using 16 bits per sample (channel mask 0x3)
[2018.11.05-03.39.56:797][  0]LogInit: FAudioDevice initialized.
[2018.11.05-03.39.56:797][  0]LogNetVersion: Set ProjectVersion to 1.0.0.0. Version Checksum will be recalculated on next use.
[2018.11.05-03.39.59:405][  0]LogDerivedDataCache: Saved boot cache 2.61s 71MB C:/Users/Aislynn/AppData/Local/UnrealEngine/4.20/DerivedDataCache/Boot.ddc.
[2018.11.05-03.39.59:418][  0]LogInit: Texture streaming: Enabled
[2018.11.05-03.39.59:563][  0]LogEngineSessionManager: EngineSessionManager initialized
[2018.11.05-03.40.00:059][  0]LogInit: Transaction tracking system initialized
[2018.11.05-03.40.00:093][  0]BlueprintLog: New page: Editor Load
[2018.11.05-03.40.00:207][  0]LocalizationService: Localization service is disabled
[2018.11.05-03.40.02:267][  0]LogFileCache: Scanning file cache for directory 'E:/Documents/Capstone/TAD_GitKraken_Repository/TAo_Dinochan/TAD_v00.00.01/Dinochan_v001_UE4.20.3/Content/' took 0.24s
[2018.11.05-03.40.02:267][  0]LogCook: Display: Max memory allowance for cook 16384mb min free memory 0mb
[2018.11.05-03.40.02:267][  0]LogCook: Display: Mobile HDR setting 1
[2018.11.05-03.40.02:510][  0]LogGameplayTags: Display: UGameplayTagsManager::DoneAddingNativeTags. DelegateIsBound: 0
[2018.11.05-03.40.02:510][  0]LogStats: UGameplayTagsManager::ConstructGameplayTagTree: ImportINI prefixes -  0.000 s
[2018.11.05-03.40.02:510][  0]LogStats: UGameplayTagsManager::ConstructGameplayTagTree: Construct from data asset -  0.000 s
[2018.11.05-03.40.02:510][  0]LogStats: UGameplayTagsManager::ConstructGameplayTagTree: ImportINI -  0.000 s
[2018.11.05-03.40.02:510][  0]LogStats: UGameplayTagsManager::ConstructGameplayTagTree: GameplayTagTreeChangedEvent.Broadcast -  0.000 s
[2018.11.05-03.40.04:533][  0]SourceControl: Source control is disabled
[2018.11.05-03.40.04:539][  0]LightingResults: New page: Lighting Build
[2018.11.05-03.40.04:543][  0]MapCheck: New page: Map Check
[2018.11.05-03.40.04:543][  0]LightingResults: New page: Lighting Build
[2018.11.05-03.40.16:216][  0]LogPhysics: Warning: UBodySetup::GetCookInfo: Triangle data from '/Game/ThirdPersonBP/Maps/ThirdPersonExampleMap.ThirdPersonExampleMap:PersistentLevel.ModelComponent_67914' invalid (16808 verts, 0 indices).
[2018.11.05-03.40.16:227][  0]LogPhysics: Warning: Attempt to build physics data for /Game/ThirdPersonBP/Maps/ThirdPersonExampleMap.ThirdPersonExampleMap:PersistentLevel.ModelComponent_67914.BodySetup_67915 when we are unable to.
[2018.11.05-03.40.16:836][  0]LogAIModule: Creating AISystem for world ThirdPersonExampleMap
[2018.11.05-03.40.17:244][  0]LogEditorServer: Finished looking for orphan Actors (0.000 secs)
[2018.11.05-03.40.17:272][  0]Cmd: MAP CHECKDEP NOCLEARLOG
[2018.11.05-03.40.17:591][  0]MapCheck: Map check complete: 0 Error(s), 0 Warning(s), took 319.496ms to complete.
[2018.11.05-03.40.17:591][  0]LogFileHelpers: Loading map 'ThirdPersonExampleMap' took 13.059
[2018.11.05-03.40.18:464][  0]LogSlate: Updating window title bar state: overlay mode, drag disabled, window buttons hidden, title bar hidden
[2018.11.05-03.40.18:473][  0]LogSlate: Updating window title bar state: overlay mode, drag disabled, window buttons hidden, title bar hidden
[2018.11.05-03.40.18:479][  0]LogSlate: Updating window title bar state: overlay mode, drag disabled, window buttons hidden, title bar hidden
[2018.11.05-03.40.18:486][  0]LogSlate: Updating window title bar state: overlay mode, drag disabled, window buttons hidden, title bar hidden
[2018.11.05-03.40.18:597][  0]LogCollectionManager: Loaded 0 collections in 0.001742 seconds
[2018.11.05-03.40.18:815][  0]LogFileCache: Scanning file cache for directory 'E:/Documents/Capstone/TAD_GitKraken_Repository/TAo_Dinochan/TAD_v00.00.01/Dinochan_v001_UE4.20.3/Saved/Collections/' took 0.01s
[2018.11.05-03.40.18:815][  0]LogFileCache: Scanning file cache for directory 'E:/Documents/Capstone/TAD_GitKraken_Repository/TAo_Dinochan/TAD_v00.00.01/Dinochan_v001_UE4.20.3/Content/Developers/Aislynn/Collections/' took 0.01s
[2018.11.05-03.40.18:815][  0]LogFileCache: Scanning file cache for directory 'E:/Documents/Capstone/TAD_GitKraken_Repository/TAo_Dinochan/TAD_v00.00.01/Dinochan_v001_UE4.20.3/Content/Collections/' took 0.01s
[2018.11.05-03.40.18:815][  0]LogCollectionManager: Rebuilt the GUID cache for 0 collections in 0.000000 seconds
[2018.11.05-03.40.18:843][  0]LogContentBrowser: Native class hierarchy populated in 0.0110 seconds. Added 2572 classes and 603 folders.
[2018.11.05-03.40.19:016][  0]LogContentBrowser: Native class hierarchy updated for 'WidgetCarousel' in 0.0003 seconds. Added 0 classes and 0 folders.
[2018.11.05-03.40.20:984][  0]LogContentBrowser: Native class hierarchy updated for 'AddContentDialog' in 0.0003 seconds. Added 0 classes and 0 folders.
[2018.11.05-03.40.21:051][  0]LogContentBrowser: Native class hierarchy updated for 'SceneOutliner' in 0.0003 seconds. Added 1 classes and 2 folders.
[2018.11.05-03.40.22:581][  0]LogContentBrowser: Native class hierarchy updated for 'HierarchicalLODOutliner' in 0.0003 seconds. Added 0 classes and 0 folders.
[2018.11.05-03.40.22:581][  0]LogLoad: (Engine Initialization) Total time: 85.01 seconds
[2018.11.05-03.40.22:581][  0]LogLoad: (Engine Initialization) Total Blueprint compile time: 0.00 seconds
[2018.11.05-03.40.22:591][  0]LogWindowsTextInputMethodSystem: Display: IME system now deactivated.
[2018.11.05-03.40.22:741][  0]LogContentStreaming: Texture pool size now 1000 MB
[2018.11.05-03.40.22:742][  0]LogSlate: Took 0.000351 seconds to synchronously load lazily loaded font '../../../Engine/Content/Slate/Fonts/Roboto-Regular.ttf' (155K)
[2018.11.05-03.40.22:744][  0]LogSlate: Took 0.000328 seconds to synchronously load lazily loaded font '../../../Engine/Content/Slate/Fonts/Roboto-Bold.ttf' (160K)
[2018.11.05-03.40.22:785][  0]LogSlate: Took 0.020623 seconds to synchronously load lazily loaded font '../../../Engine/Content/Editor/Slate/Fonts/FontAwesome.ttf' (139K)
[2018.11.05-03.40.23:556][  1]LogRenderer: Reallocating scene render targets to support 992x524 Format 10 NumSamples 1 (Frame:1).
[2018.11.05-03.40.23:586][  1]LogAssetRegistry: Asset discovery search completed in 73.0222 seconds
[2018.11.05-03.40.23:588][  1]LogCollectionManager: Rebuilt the object cache for 0 collections in 0.000000 seconds (found 0 objects)
[2018.11.05-03.40.23:588][  1]LogCollectionManager: Fixed up redirectors for 0 collections in 0.000045 seconds (updated 0 objects)
[2018.11.05-03.40.26:225][149]LogRenderer: Reallocating scene render targets to support 1148x664 Format 10 NumSamples 1 (Frame:150).
[2018.11.05-03.40.26:225][149]LogSlate: Took 0.044622 seconds to synchronously load lazily loaded font '../../../Engine/Content/Slate/Fonts/Roboto-Light.ttf' (167K)
[2018.11.05-03.40.33:420][989]LogSlate: FSceneViewport::OnFocusLost() reason 0
[2018.11.05-03.40.33:583][  0]LogSlate: Took 0.000342 seconds to synchronously load lazily loaded font '../../../Engine/Content/Slate/Fonts/Roboto-Light.ttf' (167K)
[2018.11.05-03.40.34:825][  0]LogSavePackage: Moving 'E:/Documents/Capstone/TAD_GitKraken_Repository/TAo_Dinochan/TAD_v00.00.01/Dinochan_v001_UE4.20.3/Saved/ThirdPersonExampleMapFEDA6B974BDFA6BCE8829DA8FEEB3825.tmp' to 'E:/Documents/Capstone/TAD_GitKraken_Repository/TAo_Dinochan/TAD_v00.00.01/Dinochan_v001_UE4.20.3/Content/ThirdPersonBP/Maps/ThirdPersonExampleMap.umap'
[2018.11.05-03.40.35:152][  0]LogSavePackage: Moving 'E:/Documents/Capstone/TAD_GitKraken_Repository/TAo_Dinochan/TAD_v00.00.01/Dinochan_v001_UE4.20.3/Saved/ThirdPersonExampleMap_BuiltData3AFABF044FE24A5CEA9C578BCB28790A.tmp' to 'E:/Documents/Capstone/TAD_GitKraken_Repository/TAo_Dinochan/TAD_v00.00.01/Dinochan_v001_UE4.20.3/Content/ThirdPersonBP/Maps/ThirdPersonExampleMap_BuiltData.uasset'
[2018.11.05-03.40.57:579][560]LogEditorViewport: Clicking on Actor (LMB): PostProcessVolume (PostProcessVolume)
[2018.11.05-03.41.03:364][143]LogEditorViewport: Clicking on Actor (CTRL LMB): LightmassImportanceVolume (LightmassImportanceVolume)
[2018.11.05-03.41.16:975][739]Cmd: TRANSACTION UNDO
[2018.11.05-03.41.16:975][739]LogEditorTransaction: Undo Scale Actors
[2018.11.05-03.41.17:630][796]Cmd: TRANSACTION UNDO
[2018.11.05-03.41.17:630][796]LogEditorTransaction: Undo Scale Actors
[2018.11.05-03.41.18:113][852]Cmd: TRANSACTION UNDO
[2018.11.05-03.41.18:113][852]LogEditorTransaction: Undo Move Actors
[2018.11.05-03.41.19:795][ 50]LogEditorViewport: Clicking on Actor (LMB): BP_Sky_Sphere_C (SkySphereBlueprint)
[2018.11.05-03.41.20:891][174]LogEditorViewport: Clicking on Actor (LMB): LightmassImportanceVolume (LightmassImportanceVolume)
[2018.11.05-03.41.40:514][138]LogSlate: FSceneViewport::OnFocusLost() reason 2
[2018.11.05-03.44.11:068][709]LogEditorViewport: Clicking on Actor (LMB): PostProcessVolume (PostProcessVolume)
[2018.11.05-03.45.54:096][798]LogEditorViewport: Clicking on Actor (LMB): DocumentationActor (DocumentationActor1)
[2018.11.05-03.45.55:675][978]LogEditorViewport: Clicking on Actor (LMB): StaticMeshActor (Floor)
[2018.11.05-03.45.59:202][356]LogEditorViewport: Clicking on Actor (LMB): AtmosphericFog (AtmosphericFog)
[2018.11.05-03.46.00:789][537]LogEditorViewport: Clicking on Actor (LMB): DirectionalLight (Light Source)
[2018.11.05-03.46.01:874][657]LogEditorViewport: Clicking on Actor (LMB): StaticMeshActor (LeftArm_StaticMesh)
[2018.11.05-03.46.04:102][914]LogEditorViewport: Clicking on Actor (LMB): StaticMeshActor (Wall9)
[2018.11.05-03.46.04:758][989]LogEditorViewport: Clicking on Actor (CTRL LMB): BP_Sky_Sphere_C (SkySphereBlueprint)
[2018.11.05-03.46.05:307][ 50]LogEditorViewport: Clicking on Actor (CTRL LMB): StaticMeshActor (Floor)
[2018.11.05-03.46.05:929][120]LogEditorViewport: Clicking on Actor (LMB): BP_Sky_Sphere_C (SkySphereBlueprint)
[2018.11.05-03.46.06:382][170]LogEditorViewport: Clicking on Actor (LMB): StaticMeshActor (Wall9)
[2018.11.05-03.46.09:289][508]LogEditorViewport: Clicking on Actor (LMB): StaticMeshActor (Floor)
[2018.11.05-03.46.09:796][565]LogEditorViewport: Clicking on Actor (LMB): StaticMeshActor (Wall9)
[2018.11.05-03.46.10:105][598]Cmd: DELETE
[2018.11.05-03.46.10:105][598]Cmd: ACTOR DELETE
[2018.11.05-03.46.10:382][598]LogEditorActor: Deleted Actor: StaticMeshActor
[2018.11.05-03.46.10:407][598]LogEditorActor: Deleted 1 Actors (0.065 secs)
[2018.11.05-03.46.10:930][639]LogEditorViewport: Clicking on Actor (LMB): StaticMeshActor (Wall11)
[2018.11.05-03.46.11:207][668]Cmd: DELETE
[2018.11.05-03.46.11:207][668]Cmd: ACTOR DELETE
[2018.11.05-03.46.11:216][668]LogEditorActor: Deleted Actor: StaticMeshActor
[2018.11.05-03.46.11:233][668]LogEditorActor: Deleted 1 Actors (0.026 secs)
[2018.11.05-03.46.11:662][718]LogEditorViewport: Clicking on Actor (LMB): StaticMeshActor (Floor)
[2018.11.05-03.46.11:972][751]Cmd: DELETE
[2018.11.05-03.46.11:972][751]Cmd: ACTOR DELETE
[2018.11.05-03.46.11:981][751]LogEditorActor: Deleted Actor: StaticMeshActor
[2018.11.05-03.46.11:999][751]LogEditorActor: Deleted 1 Actors (0.027 secs)
[2018.11.05-03.46.12:662][830]LogEditorViewport: Clicking on Actor (LMB): StaticMeshActor (Wall10)
[2018.11.05-03.46.12:846][848]Cmd: DELETE
[2018.11.05-03.46.12:846][848]Cmd: ACTOR DELETE
[2018.11.05-03.46.12:856][848]LogEditorActor: Deleted Actor: StaticMeshActor
[2018.11.05-03.46.12:873][848]LogEditorActor: Deleted 1 Actors (0.027 secs)
[2018.11.05-03.46.13:563][930]LogEditorViewport: Clicking on Actor (LMB): StaticMeshActor (Wall7)
[2018.11.05-03.46.13:913][968]Cmd: DELETE
[2018.11.05-03.46.13:913][968]Cmd: ACTOR DELETE
[2018.11.05-03.46.13:923][968]LogEditorActor: Deleted Actor: StaticMeshActor
[2018.11.05-03.46.13:941][968]LogEditorActor: Deleted 1 Actors (0.028 secs)
[2018.11.05-03.46.14:413][ 23]LogEditorViewport: Clicking on Actor (LMB): StaticMeshActor (RightArm_StaticMesh)
[2018.11.05-03.46.14:717][ 55]Cmd: DELETE
[2018.11.05-03.46.14:717][ 55]Cmd: ACTOR DELETE
[2018.11.05-03.46.14:726][ 55]LogEditorActor: Deleted Actor: StaticMeshActor
[2018.11.05-03.46.14:743][ 55]LogEditorActor: Deleted 1 Actors (0.026 secs)
[2018.11.05-03.46.15:315][122]LogEditorViewport: Clicking on Actor (LMB): StaticMeshActor (Linear_Stair_StaticMesh)
[2018.11.05-03.46.15:606][153]Cmd: DELETE
[2018.11.05-03.46.15:606][153]Cmd: ACTOR DELETE
[2018.11.05-03.46.15:615][153]LogEditorActor: Deleted Actor: StaticMeshActor
[2018.11.05-03.46.15:633][153]LogEditorActor: Deleted 1 Actors (0.027 secs)
[2018.11.05-03.46.16:020][198]LogEditorViewport: Clicking on Actor (LMB): StaticMeshActor (Bump_StaticMesh)
[2018.11.05-03.46.16:398][239]Cmd: DELETE
[2018.11.05-03.46.16:398][239]Cmd: ACTOR DELETE
[2018.11.05-03.46.16:407][239]LogEditorActor: Deleted Actor: StaticMeshActor
[2018.11.05-03.46.16:426][239]LogEditorActor: Deleted 1 Actors (0.028 secs)
[2018.11.05-03.46.16:947][300]LogEditorViewport: Clicking on Actor (LMB): StaticMeshActor (LeftArm_StaticMesh)
[2018.11.05-03.46.17:200][326]Cmd: DELETE
[2018.11.05-03.46.17:200][326]Cmd: ACTOR DELETE
[2018.11.05-03.46.17:209][326]LogEditorActor: Deleted Actor: StaticMeshActor
[2018.11.05-03.46.17:227][326]LogEditorActor: Deleted 1 Actors (0.027 secs)
[2018.11.05-03.46.17:839][398]LogEditorViewport: Clicking on Actor (LMB): StaticMeshActor (Ramp_StaticMesh)
[2018.11.05-03.46.18:025][416]Cmd: DELETE
[2018.11.05-03.46.18:025][416]Cmd: ACTOR DELETE
[2018.11.05-03.46.18:034][416]LogEditorActor: Deleted Actor: StaticMeshActor
[2018.11.05-03.46.18:053][416]LogEditorActor: Deleted 1 Actors (0.028 secs)
[2018.11.05-03.46.18:563][476]LogEditorViewport: Clicking on Actor (LMB): StaticMeshActor (CubeMesh)
[2018.11.05-03.46.18:816][502]Cmd: DELETE
[2018.11.05-03.46.18:816][502]Cmd: ACTOR DELETE
[2018.11.05-03.46.18:825][502]LogEditorActor: Deleted Actor: StaticMeshActor
[2018.11.05-03.46.18:844][502]LogEditorActor: Deleted 1 Actors (0.028 secs)
[2018.11.05-03.46.20:006][640]LogEditorViewport: Clicking on Actor (LMB): StaticMeshActor (Cube2)
[2018.11.05-03.46.20:383][681]Cmd: DELETE
[2018.11.05-03.46.20:383][681]Cmd: ACTOR DELETE
[2018.11.05-03.46.20:392][681]LogEditorActor: Deleted Actor: StaticMeshActor
[2018.11.05-03.46.20:411][681]LogEditorActor: Deleted 1 Actors (0.028 secs)
[2018.11.05-03.46.31:551][994]LogEditorViewport: Clicking on Actor (LMB): BP_Sky_Sphere_C (SkySphereBlueprint)
[2018.11.05-03.46.32:424][ 94]Cmd: DELETE
[2018.11.05-03.46.32:424][ 94]Cmd: ACTOR DELETE
[2018.11.05-03.46.32:433][ 94]LogEditorActor: Deleted Actor: BP_Sky_Sphere_C
[2018.11.05-03.46.32:473][ 94]LogEditorActor: Deleted 1 Actors (0.049 secs)
[2018.11.05-03.46.33:485][188]Cmd: TRANSACTION UNDO
[2018.11.05-03.46.33:485][188]LogEditorTransaction: Undo Delete Actors
[2018.11.05-03.46.33:950][263]LogEditorViewport: Clicking on Actor (LMB): TextRenderActor (TextRenderActor)
[2018.11.05-03.46.35:798][431]Cmd: DELETE
[2018.11.05-03.46.35:798][431]Cmd: ACTOR DELETE
[2018.11.05-03.46.35:808][431]LogEditorActor: Deleted Actor: TextRenderActor
[2018.11.05-03.46.35:826][431]LogEditorActor: Deleted 1 Actors (0.027 secs)
[2018.11.05-03.46.37:521][634]LogEditorViewport: Clicking on Actor (LMB): PlayerStart (NetworkPlayerStart)
[2018.11.05-03.46.38:532][750]LogEditorViewport: Clicking on Actor (CTRL LMB): SkyLight (SkyLight)
[2018.11.05-03.46.39:774][892]LogEditorViewport: Clicking on Actor (CTRL LMB): DocumentationActor (DocumentationActor1)
[2018.11.05-03.46.40:925][ 26]LogEditorViewport: Clicking on Actor (CTRL LMB): SphereReflectionCapture (SphereReflectionCapture)
[2018.11.05-03.46.42:039][156]LogEditorViewport: Clicking on Actor (CTRL LMB): DirectionalLight (Light Source)
[2018.11.05-03.46.43:164][288]LogEditorViewport: Clicking on Actor (CTRL LMB): AtmosphericFog (AtmosphericFog)
[2018.11.05-03.47.02:295][534]LogNavigationPoint: PostEditMove Clear paths rebuilt
[2018.11.05-03.47.07:916][172]LogEditorViewport: Clicking on Actor (LMB): BP_Sky_Sphere_C (SkySphereBlueprint)
[2018.11.05-03.47.09:525][357]LogEditorViewport: Clicking on Actor (LMB): StaticMeshActor (Cylinder)
[2018.11.05-03.47.14:613][916]LogEditorViewport: Clicking on Actor (LMB): SphereReflectionCapture (SphereReflectionCapture)
[2018.11.05-03.47.44:761][448]LogEditorViewport: Clicking on Actor (LMB): PostProcessVolume (PostProcessVolume)
[2018.11.05-03.47.50:835][161]LogEditorViewport: Clicking on Actor (LMB): LightmassImportanceVolume (LightmassImportanceVolume)
[2018.11.05-03.47.51:807][273]LogEditorViewport: Clicking on Actor (LMB): LightmassImportanceVolume (LightmassImportanceVolume)
[2018.11.05-03.47.55:301][686]Cmd: TRANSACTION UNDO
[2018.11.05-03.47.55:301][686]LogEditorTransaction: Undo Scale Actors
[2018.11.05-03.48.10:030][426]Cmd: TRANSACTION UNDO
[2018.11.05-03.48.10:030][426]LogEditorTransaction: Undo Move Actors
[2018.11.05-03.48.10:486][472]Cmd: TRANSACTION UNDO
[2018.11.05-03.48.10:486][472]LogEditorTransaction: Undo Scale Actors
[2018.11.05-03.48.12:244][680]LogEditorViewport: Clicking on Actor (LMB): BP_Sky_Sphere_C (SkySphereBlueprint)
[2018.11.05-03.48.15:740][ 92]LogSlate: FSceneViewport::OnFocusLost() reason 0
[2018.11.05-03.48.15:790][ 98]MapCheck: New page: Map Check
[2018.11.05-03.48.15:875][ 98]Cmd: MAP REBUILD ALLVISIBLE
[2018.11.05-03.48.15:938][ 98]LogEditorServer: Rebuildmap Clear paths rebuilt
[2018.11.05-03.48.18:916][ 98]LogPhysics: Warning: UBodySetup::GetCookInfo: Triangle data from '/Game/ThirdPersonBP/Maps/ThirdPersonExampleMap.ThirdPersonExampleMap:PersistentLevel.ModelComponent_99' invalid (21113 verts, 0 indices).
[2018.11.05-03.48.18:916][ 98]LogPhysics: Warning: Attempt to build physics data for /Game/ThirdPersonBP/Maps/ThirdPersonExampleMap.ThirdPersonExampleMap:PersistentLevel.ModelComponent_99.BodySetup_0 when we are unable to.
[2018.11.05-03.48.19:265][ 98]LogMaterial: Display: Missing cached shader map for material FDebugViewModeMaterialProxy MaterialInstanceDynamic_0, compiling. 
[2018.11.05-03.48.19:656][ 98]LogShaderCompilers: Display: Shaders left to compile 1
[2018.11.05-03.48.19:656][ 98]LogMaterial: Display: Missing cached shader map for material FDebugViewModeMaterialProxy HelpActorMaterial, compiling. 
[2018.11.05-03.48.19:664][ 98]LogMaterial: Display: Missing cached shader map for material FDebugViewModeMaterialProxy WorldGridMaterial, compiling. Is special engine material.
[2018.11.05-03.48.19:780][ 98]LogMaterial: Display: Missing cached shader map for material FDebugViewModeMaterialProxy CubeMaterial, compiling. 
[2018.11.05-03.48.19:786][ 98]LogMaterial: Display: Missing cached shader map for material FDebugViewModeMaterialProxy BasicShapeMaterial, compiling. 
[2018.11.05-03.48.19:791][ 98]LogMaterial: Display: Missing cached shader map for material FDebugViewModeMaterialProxy M_UE4Man_Body, compiling. 
[2018.11.05-03.48.19:799][ 98]LogMaterial: Display: Missing cached shader map for material FDebugViewModeMaterialProxy M_UE4Man_ChestLogo, compiling. 
[2018.11.05-03.48.19:806][ 98]LogMaterial: Display: Missing cached shader map for material FDebugViewModeMaterialProxy MatineeCam_mat, compiling. 
[2018.11.05-03.48.26:548][ 98]LogShaderCompilers: Display: Shaders left to compile 7
[2018.11.05-03.48.26:548][ 98]LogShaderCompilers: Display: Shaders left to compile 6
[2018.11.05-03.48.26:548][ 98]LogShaderCompilers: Display: Shaders left to compile 5
[2018.11.05-03.48.26:548][ 98]LogShaderCompilers: Display: Shaders left to compile 4
[2018.11.05-03.48.26:548][ 98]LogShaderCompilers: Display: Shaders left to compile 3
[2018.11.05-03.48.26:548][ 98]LogShaderCompilers: Display: Shaders left to compile 2
[2018.11.05-03.48.26:548][ 98]LogShaderCompilers: Display: Shaders left to compile 1
[2018.11.05-03.48.26:548][ 98]TextureStreamingBuild: Display: Compiling optional shaders took 7.319 seconds.
[2018.11.05-03.48.26:753][ 98]LogLevel: Display: Export Material TexCoord Scales took 0.204 seconds.
[2018.11.05-03.48.26:818][ 98]TextureStreamingBuild: Display: Build Texture Streaming took 0.045 seconds.
[2018.11.05-03.48.26:939][ 98]LightingResults: New page: Lighting Build - Nov 4, 2018, 5:48:26 PM
[2018.11.05-03.48.27:155][ 98]LogSwarmInterface: [OpenConnection] Registering TCP channel ...
[2018.11.05-03.48.27:620][ 98]LogSwarmInterface: [OpenConnection] Connecting to agent ...
[2018.11.05-03.48.27:638][ 98]LogSwarmInterface: [TryOpenConnection] Testing the Agent
[2018.11.05-03.48.28:654][ 98]LogSwarmInterface: [TryOpenConnection] Opening Connection to Agent
[2018.11.05-03.48.28:654][ 98]LogSwarmInterface: [TryOpenConnection] Local Process ID is 155728
[2018.11.05-03.48.35:448][ 98]LogStaticLightingSystem: Running Lightmass w/ ImmediateImport mode ENABLED
[2018.11.05-03.48.35:448][ 98]LogStaticLightingSystem: Running Lightmass w/ ImmediateProcess mode ENABLED
[2018.11.05-03.48.35:448][ 98]LogStaticLightingSystem: Running Lightmass w/ Sorting mode ENABLED
[2018.11.05-03.48.35:448][ 98]LogStaticLightingSystem: Running Lightmass w/ Mapping paddings ENABLED
[2018.11.05-03.48.35:448][ 98]LogStaticLightingSystem: Running Lightmass w/ Mapping debug paddings DISABLED
[2018.11.05-03.48.35:988][ 98]Cmd: MAP CHECK DONTDISPLAYDIALOG
[2018.11.05-03.48.35:988][ 98]MapCheck: New page: ThirdPersonExampleMap - Nov 4, 2018, 5:48:35 PM
[2018.11.05-03.48.36:001][ 98]MapCheck: Error: WorldInfo_0 Maps need lighting rebuilt 
[2018.11.05-03.48.36:440][ 98]MapCheck: Map check complete: 1 Error(s), 0 Warning(s), took 451.595ms to complete.
[2018.11.05-03.48.36:500][ 98]LogEditorBuildUtils: Build time 0:20
[2018.11.05-03.48.36:673][ 98]LogMaterial: Display: Missing cached shader map for material FLightmassMaterialRenderer MaterialInstanceDynamic_0, compiling. 
[2018.11.05-03.48.36:696][ 98]LogMaterial: Display: Missing cached shader map for material FLightmassMaterialRenderer MaterialInstanceDynamic_0, compiling. 
[2018.11.05-03.48.37:183][ 98]LogShaderCompilers: Display: Shaders left to compile 2
[2018.11.05-03.48.37:183][ 98]LogShaderCompilers: Display: Shaders left to compile 2
[2018.11.05-03.48.37:314][ 99]LogMaterial: Display: Missing cached shader map for material FLightmassMaterialRenderer BasicShapeMaterial, compiling. 
[2018.11.05-03.48.37:320][ 99]LogShaderCompilers: Display: Shaders left to compile 2
[2018.11.05-03.48.37:320][ 99]LogMaterial: Display: Missing cached shader map for material FLightmassMaterialRenderer BasicShapeMaterial, compiling. 
[2018.11.05-03.48.37:392][100]LogMaterial: Display: Missing cached shader map for material FLightmassMaterialRenderer WorldGridMaterial, compiling. Is special engine material.
[2018.11.05-03.48.37:405][100]LogMaterial: Display: Missing cached shader map for material FLightmassMaterialRenderer WorldGridMaterial, compiling. Is special engine material.
[2018.11.05-03.48.37:504][101]LogMaterial: Display: Missing cached shader map for material FLightmassMaterialRenderer CubeMaterial, compiling. 
[2018.11.05-03.48.37:533][101]LogMaterial: Display: Missing cached shader map for material FLightmassMaterialRenderer CubeMaterial, compiling. 
[2018.11.05-03.48.41:412][103]LogShaderCompilers: Display: Shaders left to compile 10
[2018.11.05-03.49.05:207][170]Job is a success!
[2018.11.05-03.49.06:448][171]LogVolumetricLightmapImport: Imported Volumetric Lightmap in 0.612s
[2018.11.05-03.49.06:448][171]LogVolumetricLightmapImport:      Indirection Texture 48x48x48 = 0.4Mb
[2018.11.05-03.49.06:448][171]LogVolumetricLightmapImport:      BrickData 1280x15x5 = 3.8Mb (trimmed 5.1Mb due to 0.010000 MinBrickError)
[2018.11.05-03.49.06:448][171]LogVolumetricLightmapImport:      Bricks at Level
[2018.11.05-03.49.06:448][171]LogVolumetricLightmapImport:          0: 4.0% covering 100.0% of volume
[2018.11.05-03.49.06:448][171]LogVolumetricLightmapImport:          1: 17.1% covering 6.7% of volume
[2018.11.05-03.49.06:448][171]LogVolumetricLightmapImport:          2: 78.9% covering 0.5% of volume
[2018.11.05-03.49.09:948][171]LogTexture: Display: Building textures: SkyOcclusion1_1 (AutoDXT, 1024X512)
[2018.11.05-03.49.09:948][171]LogTexture: Display: Building textures: HQ_Lightmap1_1 (AutoDXT, 1024X1024)
[2018.11.05-03.49.09:948][171]LogTexture: Display: Building textures: LQ_Lightmap_1_1 (DXT1, 1024X1024)
[2018.11.05-03.49.09:948][171]LogTexture: Display: Building textures: SkyOcclusion1_2 (AutoDXT, 1024X512)
[2018.11.05-03.49.09:948][171]LogTexture: Display: Building textures: HQ_Lightmap1_2 (AutoDXT, 1024X1024)
[2018.11.05-03.49.09:948][171]LogTexture: Display: Building textures: LQ_Lightmap_1_2 (DXT1, 1024X1024)
[2018.11.05-03.49.09:948][171]LogTexture: Display: Building textures: SkyOcclusion1_3 (AutoDXT, 1024X512)
[2018.11.05-03.49.09:948][171]LogTexture: Display: Building textures: HQ_Lightmap1_3 (AutoDXT, 1024X1024)
[2018.11.05-03.49.09:948][171]LogTexture: Display: Building textures: LQ_Lightmap_1_3 (DXT1, 1024X1024)
[2018.11.05-03.49.09:948][171]LogTexture: Display: Building textures: SkyOcclusion0_4 (AutoDXT, 256X128)
[2018.11.05-03.49.09:948][171]LogTexture: Display: Building textures: HQ_Lightmap0_4 (AutoDXT, 256X256)
[2018.11.05-03.49.09:948][171]LogTexture: Display: Building textures: LQ_Lightmap_0_4 (DXT1, 256X256)
[2018.11.05-03.49.09:948][171]LogTexture: Display: Building textures: SkyOcclusion0_5 (AutoDXT, 64X32)
[2018.11.05-03.49.09:948][171]LogTexture: Display: Building textures: HQ_Lightmap0_5 (AutoDXT, 64X64)
[2018.11.05-03.49.09:948][171]LogTexture: Display: Building textures: LQ_Lightmap_0_5 (DXT1, 64X64)
[2018.11.05-03.49.10:326][171]LogTexture: Display: Building textures: ShadowMapTexture2D_4 (G8, 256X64)
[2018.11.05-03.49.10:326][171]LogTexture: Display: Building textures: ShadowMapTexture2D_5 (G8, 32X32)
[2018.11.05-03.49.10:326][171]LogTexture: Display: Building textures: ShadowMapTexture2D_3 (G8, 1024X512)
[2018.11.05-03.49.10:385][171]LogTexture: Display: Building textures: ShadowMapTexture2D_2 (G8, 1024X1024)
[2018.11.05-03.49.10:452][171]Lightmass on BIGTOTE: 26.0 sec total, 272 ms importing, 11 ms setup, 2.57 sec photons, 23.0 sec processing, 0 ms extra exporting [1168/1168 mappings]. Threads: 1:32 min total, 18.2 sec processing.
[2018.11.05-03.49.11:367][171]LogPhysics: Warning: UBodySetup::GetCookInfo: Triangle data from '/Game/ThirdPersonBP/Maps/ThirdPersonExampleMap.ThirdPersonExampleMap:PersistentLevel.ModelComponent_99' invalid (21113 verts, 0 indices).
[2018.11.05-03.49.11:367][171]LogPhysics: Warning: Attempt to build physics data for /Game/ThirdPersonBP/Maps/ThirdPersonExampleMap.ThirdPersonExampleMap:PersistentLevel.ModelComponent_99.BodySetup_0 when we are unable to.
[2018.11.05-03.49.11:956][171]LogStaticLightingSystem: Illumination: 44.3 sec (2.30 sec encoding lightmaps, 433 ms encoding shadowmaps)
[2018.11.05-03.49.11:956][171]LogStaticLightingSystem: Lightmap texture memory:  8.2 MB (0.2 MB streaming, 8.0 MB non-streaming), 10 textures
[2018.11.05-03.49.11:956][171]LogStaticLightingSystem: Shadowmap texture memory: 2.0 MB (0.0 MB streaming, 2.0 MB non-streaming), 4 textures
[2018.11.05-03.49.15:490][171]DumpUnbuiltLightIteractions
[2018.11.05-03.49.15:490][171]Lights with unbuilt interactions: 0
[2018.11.05-03.49.15:490][171]
[2018.11.05-03.49.15:490][171]Primitives with unbuilt interactions: 0
[2018.11.05-03.49.15:601][172]Cmd: MAP CHECK NOTIFYRESULTS
[2018.11.05-03.49.15:601][172]MapCheck: New page: ThirdPersonExampleMap - Nov 4, 2018, 5:49:15 PM
[2018.11.05-03.49.16:105][172]MapCheck: Map check complete: 0 Error(s), 0 Warning(s), took 503.863ms to complete.
[2018.11.05-03.49.36:512][703]LogSlate: Window 'Message Log' being destroyed
[2018.11.05-03.49.36:516][703]LogSlate: Window 'Message Log' being destroyed
[2018.11.05-03.49.54:869][853]LogSlate: FSceneViewport::OnFocusLost() reason 0
[2018.11.05-03.50.12:244][294]LogSlate: Prevented a slow task dialog from being summoned while a context menu was open
[2018.11.05-03.50.15:453][294]LogAIModule: Creating AISystem for world Advanced_Lighting
[2018.11.05-03.50.16:296][294]LogAIModule: Creating AISystem for world Minimal_Default
[2018.11.05-03.50.19:638][294]LogAIModule: Creating AISystem for world StarterMap
[2018.11.05-03.51.14:647][294]LogSlate: Window 'Delete Assets' being destroyed
[2018.11.05-03.52.03:357][274]LogSavePackage: Moving 'E:/Documents/Capstone/TAD_GitKraken_Repository/TAo_Dinochan/TAD_v00.00.01/Dinochan_v001_UE4.20.3/Saved/ThirdPersonExampleMap_Auto18E663D014EE1AB52D6E4789F5E2A4B49.tmp' to 'E:/Documents/Capstone/TAD_GitKraken_Repository/TAo_Dinochan/TAD_v00.00.01/Dinochan_v001_UE4.20.3/Saved/Autosaves/Game/ThirdPersonBP/Maps/ThirdPersonExampleMap_Auto1.umap'
[2018.11.05-03.52.03:365][274]LogFileHelpers: Editor autosave (incl. sublevels) for '/Game/ThirdPersonBP/Maps/ThirdPersonExampleMap' took 0.621
[2018.11.05-03.52.03:365][274]LogFileHelpers: Editor autosave (incl. sublevels) for all levels took 0.621
[2018.11.05-03.52.03:385][274]OBJ SavePackage: Generating thumbnails for [0] asset(s) in package [/Game/ThirdPersonBP/Maps/ThirdPersonExampleMap_BuiltData] ([1] browsable assets)...
[2018.11.05-03.52.03:385][274]OBJ SavePackage: Finished generating thumbnails for package [/Game/ThirdPersonBP/Maps/ThirdPersonExampleMap_BuiltData]
[2018.11.05-03.52.03:461][274]LogSavePackage: Moving 'E:/Documents/Capstone/TAD_GitKraken_Repository/TAo_Dinochan/TAD_v00.00.01/Dinochan_v001_UE4.20.3/Saved/ThirdPersonExampleMap_BuiltData_AABEAA92491B430E6A1B8081B8CFFE94.tmp' to 'E:/Documents/Capstone/TAD_GitKraken_Repository/TAo_Dinochan/TAD_v00.00.01/Dinochan_v001_UE4.20.3/Saved/Autosaves/Game/ThirdPersonBP/Maps/ThirdPersonExampleMap_BuiltData_Auto1.uasset'
[2018.11.05-03.52.03:462][274]LogFileHelpers: Auto-saving content packages took 0.082
[2018.11.05-03.55.23:856][693]LogSlate: FSceneViewport::OnFocusLost() reason 0
[2018.11.05-03.55.24:370][704]LogSavePackage: Moving 'E:/Documents/Capstone/TAD_GitKraken_Repository/TAo_Dinochan/TAD_v00.00.01/Dinochan_v001_UE4.20.3/Saved/ThirdPersonExampleMap035166D841851BFFA64E089F4B596B56.tmp' to 'E:/Documents/Capstone/TAD_GitKraken_Repository/TAo_Dinochan/TAD_v00.00.01/Dinochan_v001_UE4.20.3/Content/ThirdPersonBP/Maps/ThirdPersonExampleMap.umap'
[2018.11.05-03.55.24:676][704]LogSavePackage: Moving 'E:/Documents/Capstone/TAD_GitKraken_Repository/TAo_Dinochan/TAD_v00.00.01/Dinochan_v001_UE4.20.3/Saved/ThirdPersonExampleMap_BuiltDataB1DF05B3415D183588EB33AC59C94BFA.tmp' to 'E:/Documents/Capstone/TAD_GitKraken_Repository/TAo_Dinochan/TAD_v00.00.01/Dinochan_v001_UE4.20.3/Content/ThirdPersonBP/Maps/ThirdPersonExampleMap_BuiltData.uasset'
[2018.11.05-03.56.14:106][713]UATHelper: Zip Project Task (Windows): Running AutomationTool...
[2018.11.05-03.56.14:463][716]UATHelper: Zip Project Task (Windows): Parsing command line: ZipProjectUp -nocompile -nocompileeditor -project=E:/Documents/Capstone/TAD_GitKraken_Repository/TAo_Dinochan/TAD_v00.00.01/Dinochan_v001_UE4.20.3/ -install=E:/Documents/Capstone/Dinochan_v001_v4.20
[2018.11.05-03.56.15:804][720]UATHelper: Zip Project Task (Windows): Started zipping project up
[2018.11.05-03.56.15:804][720]UATHelper: Zip Project Task (Windows): Project directory: E:\Documents\Capstone\TAD_GitKraken_Repository\TAo_Dinochan\TAD_v00.00.01\Dinochan_v001_UE4.20.3
[2018.11.05-03.56.15:804][720]UATHelper: Zip Project Task (Windows): Install directory: E:/Documents/Capstone/Dinochan_v001_v4.20
[2018.11.05-03.56.15:804][720]UATHelper: Zip Project Task (Windows): Packaging up the project...
[2018.11.05-03.56.16:625][722]UATHelper: Zip Project Task (Windows): Completed zipping project up
[2018.11.05-03.56.16:625][722]UATHelper: Zip Project Task (Windows): BUILD SUCCESSFUL
[2018.11.05-03.56.16:625][722]UATHelper: Zip Project Task (Windows): AutomationTool exiting with ExitCode=0 (Success)
[2018.11.05-04.14.59:256][206]LogSlate: Window 'Dinochan_v001 - Unreal Editor' being destroyed
[2018.11.05-04.14.59:257][206]LogWindowsTextInputMethodSystem: Display: IME system now deactivated.
[2018.11.05-04.15.00:023][207]Cmd: QUIT_EDITOR
[2018.11.05-04.15.00:148][207]LogExit: Preparing to exit.
[2018.11.05-04.15.00:976][207]LogExit: Editor shut down
[2018.11.05-04.15.00:978][207]LogExit: Transaction tracking system shut down
[2018.11.05-04.15.01:678][207]LogExit: Object subsystem successfully closed.
[2018.11.05-04.15.01:706][207]LogShaderCompilers: Display: Shaders left to compile 0
[2018.11.05-04.15.01:712][207]LogD3D11RHI: Shutdown
[2018.11.05-04.15.01:712][207]LogD3D11RHI: CleanupD3DDevice
[2018.11.05-04.15.01:798][207]LogD3D11RHI: ~FD3D11DynamicRHI
[2018.11.05-04.15.01:899][207]LogModuleManager: Shutting down and abandoning module UATHelper (614)
[2018.11.05-04.15.01:899][207]LogModuleManager: Shutting down and abandoning module HierarchicalLODUtilities (612)
[2018.11.05-04.15.01:899][207]LogModuleManager: Shutting down and abandoning module HierarchicalLODOutliner (610)
[2018.11.05-04.15.01:899][207]LogModuleManager: Shutting down and abandoning module SceneOutliner (608)
[2018.11.05-04.15.01:899][207]LogModuleManager: Shutting down and abandoning module AddContentDialog (606)
[2018.11.05-04.15.01:916][207]LogModuleManager: Shutting down and abandoning module WidgetCarousel (605)
[2018.11.05-04.15.01:916][207]LogModuleManager: Shutting down and abandoning module EditorWidgets (602)
[2018.11.05-04.15.01:916][207]LogModuleManager: Shutting down and abandoning module CollectionManager (600)
[2018.11.05-04.15.01:917][207]LogModuleManager: Shutting down and abandoning module StatsViewer (598)
[2018.11.05-04.15.01:917][207]LogModuleManager: Shutting down and abandoning module FoliageEdit (596)
[2018.11.05-04.15.01:917][207]LogModuleManager: Shutting down and abandoning module LandscapeEditor (594)
[2018.11.05-04.15.01:917][207]LogModuleManager: Shutting down and abandoning module MeshPaintMode (592)
[2018.11.05-04.15.01:917][207]LogModuleManager: Shutting down and abandoning module SceneDepthPickerMode (590)
[2018.11.05-04.15.01:917][207]LogModuleManager: Shutting down and abandoning module ActorPickerMode (588)
[2018.11.05-04.15.01:917][207]LogModuleManager: Shutting down and abandoning module GeometryMode (586)
[2018.11.05-04.15.01:917][207]LogModuleManager: Shutting down and abandoning module TextureAlignMode (584)
[2018.11.05-04.15.01:917][207]LogModuleManager: Shutting down and abandoning module BspMode (582)
[2018.11.05-04.15.01:917][207]LogModuleManager: Shutting down and abandoning module PIEPreviewDeviceProfileSelector (580)
[2018.11.05-04.15.01:917][207]LogModuleManager: Shutting down and abandoning module SequenceRecorderSections (578)
[2018.11.05-04.15.01:917][207]LogModuleManager: Shutting down and abandoning module AutomationWorker (576)
[2018.11.05-04.15.01:917][207]LogModuleManager: Shutting down and abandoning module AudioCaptureEditor (574)
[2018.11.05-04.15.01:917][207]LogModuleManager: Shutting down and abandoning module SequenceRecorder (573)
[2018.11.05-04.15.01:917][207]LogModuleManager: Shutting down and abandoning module MatineeToLevelSequence (570)
[2018.11.05-04.15.01:917][207]LogModuleManager: Shutting down and abandoning module LevelSequenceEditor (568)
[2018.11.05-04.15.01:917][207]LogModuleManager: Shutting down and abandoning module PlacementMode (567)
[2018.11.05-04.15.01:918][207]LogModuleManager: Shutting down and abandoning module MaterialEditor (566)
[2018.11.05-04.15.01:918][207]LogModuleManager: Shutting down and abandoning module WmfMediaFactory (562)
[2018.11.05-04.15.01:918][207]LogModuleManager: Shutting down and abandoning module WmfMediaEditor (560)
[2018.11.05-04.15.01:918][207]LogModuleManager: Shutting down and abandoning module MediaPlayerEditor (558)
[2018.11.05-04.15.01:918][207]LogModuleManager: Shutting down and abandoning module OpenExrWrapper (556)
[2018.11.05-04.15.01:918][207]LogModuleManager: Shutting down and abandoning module ImgMediaFactory (554)
[2018.11.05-04.15.01:918][207]LogModuleManager: Shutting down and abandoning module ImgMediaEditor (552)
[2018.11.05-04.15.01:918][207]LogModuleManager: Shutting down and abandoning module AvfMediaFactory (550)
[2018.11.05-04.15.01:918][207]LogModuleManager: Shutting down and abandoning module AvfMediaEditor (548)
[2018.11.05-04.15.01:918][207]LogModuleManager: Shutting down and abandoning module AndroidMediaFactory (546)
[2018.11.05-04.15.01:918][207]LogModuleManager: Shutting down and abandoning module AndroidMediaEditor (544)
[2018.11.05-04.15.01:918][207]LogModuleManager: Shutting down and abandoning module MagicLeapCameraPreviewFactory (542)
[2018.11.05-04.15.01:918][207]LogModuleManager: Shutting down and abandoning module MagicLeapMediaFactory (540)
[2018.11.05-04.15.01:918][207]LogModuleManager: Shutting down and abandoning module MagicLeapMediaEditor (538)
[2018.11.05-04.15.01:918][207]LogModuleManager: Shutting down and abandoning module CharacterAI (536)
[2018.11.05-04.15.01:918][207]LogModuleManager: Shutting down and abandoning module SmartSnapping (534)
[2018.11.05-04.15.01:918][207]LogModuleManager: Shutting down and abandoning module SessionServices (532)
[2018.11.05-04.15.01:918][207]LogModuleManager: Shutting down and abandoning module ViewportSnapping (530)
[2018.11.05-04.15.01:918][207]LogModuleManager: Shutting down and abandoning module ViewportInteraction (528)
[2018.11.05-04.15.01:918][207]LogModuleManager: Shutting down and abandoning module ClothPainter (526)
[2018.11.05-04.15.01:918][207]LogModuleManager: Shutting down and abandoning module SkeletalMeshEditor (525)
[2018.11.05-04.15.01:918][207]LogModuleManager: Shutting down and abandoning module LogVisualizer (522)
[2018.11.05-04.15.01:918][207]LogModuleManager: Shutting down and abandoning module IntroTutorials (520)
[2018.11.05-04.15.01:918][207]LogModuleManager: Shutting down and abandoning module GameProjectGeneration (519)
[2018.11.05-04.15.01:918][207]LogModuleManager: Shutting down and abandoning module LuminPlatformEditor (516)
[2018.11.05-04.15.01:918][207]LogModuleManager: Shutting down and abandoning module IOSPlatformEditor (514)
[2018.11.05-04.15.01:918][207]LogModuleManager: Shutting down and abandoning module HTML5PlatformEditor (512)
[2018.11.05-04.15.01:918][207]LogModuleManager: Shutting down and abandoning module AndroidPlatformEditor (510)
[2018.11.05-04.15.01:918][207]LogModuleManager: Shutting down and abandoning module AndroidDeviceDetection (509)
[2018.11.05-04.15.02:923][207]LogModuleManager: Shutting down and abandoning module WindowsPlatformEditor (506)
[2018.11.05-04.15.02:923][207]LogModuleManager: Shutting down and abandoning module LuminRuntimeSettings (504)
[2018.11.05-04.15.02:923][207]LogModuleManager: Shutting down and abandoning module IOSRuntimeSettings (502)
[2018.11.05-04.15.02:923][207]LogModuleManager: Shutting down and abandoning module AndroidRuntimeSettings (500)
[2018.11.05-04.15.02:923][207]LogModuleManager: Shutting down and abandoning module InputBindingEditor (498)
[2018.11.05-04.15.02:923][207]LogModuleManager: Shutting down and abandoning module MergeActors (496)
[2018.11.05-04.15.02:924][207]LogModuleManager: Shutting down and abandoning module LocalizationDashboard (494)
[2018.11.05-04.15.02:924][207]LogModuleManager: Shutting down and abandoning module LocalizationService (493)
[2018.11.05-04.15.02:924][207]LogModuleManager: Shutting down and abandoning module HardwareTargeting (490)
[2018.11.05-04.15.02:924][207]LogModuleManager: Shutting down and abandoning module DeviceProfileEditor (488)
[2018.11.05-04.15.02:924][207]LogModuleManager: Shutting down and abandoning module UndoHistory (486)
[2018.11.05-04.15.02:924][207]LogModuleManager: Shutting down and abandoning module XmlParser (484)
[2018.11.05-04.15.02:924][207]LogModuleManager: Shutting down and abandoning module Blutility (482)
[2018.11.05-04.15.02:924][207]LogModuleManager: Shutting down and abandoning module ProjectSettingsViewer (480)
[2018.11.05-04.15.02:924][207]LogModuleManager: Shutting down and abandoning module ProjectTargetPlatformEditor (479)
[2018.11.05-04.15.02:925][207]LogModuleManager: Shutting down and abandoning module EditorSettingsViewer (476)
[2018.11.05-04.15.02:925][207]LogModuleManager: Shutting down and abandoning module SettingsEditor (474)
[2018.11.05-04.15.02:925][207]LogModuleManager: Shutting down and abandoning module ProjectLauncher (472)
[2018.11.05-04.15.02:925][207]LogModuleManager: Shutting down and abandoning module SessionFrontend (470)
[2018.11.05-04.15.02:925][207]LogModuleManager: Shutting down and abandoning module ProfilerClient (468)
[2018.11.05-04.15.02:925][207]LogModuleManager: Shutting down and abandoning module DeviceManager (466)
[2018.11.05-04.15.02:925][207]LogModuleManager: Shutting down and abandoning module TargetDeviceServices (465)
[2018.11.05-04.15.02:991][207]LogModuleManager: Shutting down and abandoning module AutomationController (462)
[2018.11.05-04.15.02:991][207]LogModuleManager: Shutting down and abandoning module AutomationWindow (460)
[2018.11.05-04.15.02:991][207]LogModuleManager: Shutting down and abandoning module Layers (458)
[2018.11.05-04.15.02:991][207]LogModuleManager: Shutting down and abandoning module ComponentVisualizers (456)
[2018.11.05-04.15.02:991][207]LogModuleManager: Shutting down and abandoning module DetailCustomizations (454)
[2018.11.05-04.15.02:991][207]LogModuleManager: Shutting down and abandoning module PackagesDialog (452)
[2018.11.05-04.15.02:991][207]LogModuleManager: Shutting down and abandoning module Persona (450)
[2018.11.05-04.15.02:991][207]LogModuleManager: Shutting down and abandoning module AdvancedPreviewScene (449)
[2018.11.05-04.15.02:991][207]LogModuleManager: Shutting down and abandoning module AnimGraph (447)
[2018.11.05-04.15.02:991][207]LogModuleManager: Shutting down and abandoning module Kismet (444)
[2018.11.05-04.15.02:991][207]LogModuleManager: Shutting down and abandoning module GraphEditor (442)
[2018.11.05-04.15.02:991][207]LogModuleManager: Shutting down and abandoning module ClassViewer (440)
[2018.11.05-04.15.02:992][207]LogModuleManager: Shutting down and abandoning module Toolbox (438)
[2018.11.05-04.15.02:992][207]LogModuleManager: Shutting down and abandoning module ModuleUI (436)
[2018.11.05-04.15.02:992][207]LogModuleManager: Shutting down and abandoning module MovieSceneTools (434)
[2018.11.05-04.15.02:992][207]LogModuleManager: Shutting down and abandoning module OutputLog (432)
[2018.11.05-04.15.02:992][207]LogModuleManager: Shutting down and abandoning module GammaUI (430)
[2018.11.05-04.15.02:992][207]LogModuleManager: Shutting down and abandoning module Documentation (428)
[2018.11.05-04.15.02:992][207]LogModuleManager: Shutting down and abandoning module MovieSceneTracks (426)
[2018.11.05-04.15.02:992][207]LogModuleManager: Shutting down and abandoning module MovieScene (424)
[2018.11.05-04.15.02:992][207]LogModuleManager: Shutting down and abandoning module StreamingPauseRendering (422)
[2018.11.05-04.15.02:992][207]LogModuleManager: Shutting down and abandoning module LauncherPlatform (420)
[2018.11.05-04.15.02:992][207]LogModuleManager: Shutting down and abandoning module AnalyticsET (418)
[2018.11.05-04.15.02:992][207]LogModuleManager: Shutting down and abandoning module PortalServices (416)
[2018.11.05-04.15.02:992][207]LogModuleManager: Shutting down and abandoning module PortalRpc (414)
[2018.11.05-04.15.02:992][207]LogModuleManager: Shutting down and abandoning module MessagingRpc (412)
[2018.11.05-04.15.02:992][207]LogModuleManager: Shutting down and abandoning module AIModule (410)
[2018.11.05-04.15.02:992][207]LogModuleManager: Shutting down and abandoning module GameplayDebugger (409)
[2018.11.05-04.15.02:992][207]LogModuleManager: Shutting down and abandoning module AITestSuite (407)
[2018.11.05-04.15.02:992][207]LogModuleManager: Shutting down and abandoning module NavigationSystem (405)
[2018.11.05-04.15.02:992][207]LogModuleManager: Shutting down and abandoning module DesktopPlatform (402)
[2018.11.05-04.15.02:992][207]LogModuleManager: Shutting down and abandoning module ProfilerService (400)
[2018.11.05-04.15.03:081][207]LogModuleManager: Shutting down and abandoning module TaskGraph (398)
[2018.11.05-04.15.03:081][207]LogModuleManager: Shutting down and abandoning module SteamVRController (396)
[2018.11.05-04.15.03:081][207]LogModuleManager: Shutting down and abandoning module ProceduralMeshComponentEditor (394)
[2018.11.05-04.15.03:081][207]LogModuleManager: Shutting down and abandoning module ProceduralMeshComponent (392)
[2018.11.05-04.15.03:081][207]LogModuleManager: Shutting down and abandoning module OculusInput (390)
[2018.11.05-04.15.03:081][207]LogModuleManager: Shutting down and abandoning module MobilePatchingUtils (388)
[2018.11.05-04.15.03:081][207]LogModuleManager: Shutting down and abandoning module EditableMesh (386)
[2018.11.05-04.15.03:081][207]LogModuleManager: Shutting down and abandoning module CustomMeshComponent (384)
[2018.11.05-04.15.03:081][207]LogModuleManager: Shutting down and abandoning module CableComponent (382)
[2018.11.05-04.15.03:081][207]LogModuleManager: Shutting down and abandoning module AudioCapture (380)
[2018.11.05-04.15.03:081][207]LogModuleManager: Shutting down and abandoning module ArchVisCharacter (378)
[2018.11.05-04.15.03:081][207]LogModuleManager: Shutting down and abandoning module AndroidPermission (376)
[2018.11.05-04.15.03:082][207]LogModuleManager: Shutting down and abandoning module NUTUnrealEngine4 (374)
[2018.11.05-04.15.03:082][207]LogModuleManager: Shutting down and abandoning module NetcodeUnitTest (372)
[2018.11.05-04.15.03:082][207]LogModuleManager: Shutting down and abandoning module MediaCompositingEditor (370)
[2018.11.05-04.15.03:082][207]LogModuleManager: Shutting down and abandoning module MediaCompositing (368)
[2018.11.05-04.15.03:082][207]LogModuleManager: Shutting down and abandoning module LinearTimecode (366)
[2018.11.05-04.15.03:082][207]LogModuleManager: Shutting down and abandoning module ImgMedia (364)
[2018.11.05-04.15.03:085][207]LogModuleManager: Shutting down and abandoning module HTML5Networking (362)
[2018.11.05-04.15.03:085][207]LogModuleManager: Shutting down and abandoning module GeometryCacheTracks (360)
[2018.11.05-04.15.03:085][207]LogModuleManager: Shutting down and abandoning module GeometryCacheSequencer (358)
[2018.11.05-04.15.03:085][207]LogModuleManager: Shutting down and abandoning module BackChannel (356)
[2018.11.05-04.15.03:085][207]LogModuleManager: Shutting down and abandoning module AppleVision (354)
[2018.11.05-04.15.03:085][207]LogModuleManager: Shutting down and abandoning module AppleImageUtils (352)
[2018.11.05-04.15.03:085][207]LogModuleManager: Shutting down and abandoning module AlembicImporter (350)
[2018.11.05-04.15.03:085][207]LogModuleManager: Shutting down and abandoning module AlembicLibrary (349)
[2018.11.05-04.15.03:086][207]LogModuleManager: Shutting down and abandoning module GeometryCache (348)
[2018.11.05-04.15.03:086][207]LogModuleManager: Shutting down and abandoning module GeometryCacheEd (347)
[2018.11.05-04.15.03:086][207]LogModuleManager: Shutting down and abandoning module DatasmithContentEditor (342)
[2018.11.05-04.15.03:086][207]LogModuleManager: Shutting down and abandoning module DatasmithContent (340)
[2018.11.05-04.15.03:086][207]LogModuleManager: Shutting down and abandoning module SpeedTreeImporter (338)
[2018.11.05-04.15.03:086][207]LogModuleManager: Shutting down and abandoning module PluginBrowser (336)
[2018.11.05-04.15.03:086][207]LogModuleManager: Shutting down and abandoning module MobileLauncherProfileWizard (334)
[2018.11.05-04.15.03:086][207]LogModuleManager: Shutting down and abandoning module PolygonModeling (332)
[2018.11.05-04.15.03:086][207]LogModuleManager: Shutting down and abandoning module MeshEditor (330)
[2018.11.05-04.15.03:086][207]LogModuleManager: Shutting down and abandoning module CryptoKeysOpenSSL (328)
[2018.11.05-04.15.03:086][207]LogModuleManager: Shutting down and abandoning module CryptoKeys (326)
[2018.11.05-04.15.03:086][207]LogModuleManager: Shutting down and abandoning module VisualStudioSourceCodeAccess (324)
[2018.11.05-04.15.03:086][207]LogModuleManager: Shutting down and abandoning module VisualStudioCodeSourceCodeAccess (322)
[2018.11.05-04.15.03:086][207]LogModuleManager: Shutting down and abandoning module UObjectPlugin (320)
[2018.11.05-04.15.03:086][207]LogModuleManager: Shutting down and abandoning module SubversionSourceControl (318)
[2018.11.05-04.15.03:086][207]LogModuleManager: Shutting down and abandoning module PerforceSourceControl (316)
[2018.11.05-04.15.03:086][207]LogModuleManager: Shutting down and abandoning module GitSourceControl (314)
[2018.11.05-04.15.03:086][207]LogModuleManager: Shutting down and abandoning module SourceControl (313)
[2018.11.05-04.15.03:087][207]LogModuleManager: Shutting down and abandoning module CLionSourceCodeAccess (310)
[2018.11.05-04.15.03:087][207]LogModuleManager: Shutting down and abandoning module LightPropagationVolumeEditor (308)
[2018.11.05-04.15.03:087][207]LogModuleManager: Shutting down and abandoning module PaperTiledImporter (306)
[2018.11.05-04.15.03:087][207]LogModuleManager: Shutting down and abandoning module PaperSpriteSheetImporter (304)
[2018.11.05-04.15.03:087][207]LogModuleManager: Shutting down and abandoning module Paper2DEditor (302)
[2018.11.05-04.15.03:087][207]LogModuleManager: Shutting down and abandoning module MeshPaint (301)
[2018.11.05-04.15.03:087][207]LogModuleManager: Shutting down and abandoning module RuntimePhysXCooking (298)
[2018.11.05-04.15.03:087][207]LogModuleManager: Shutting down and abandoning module PhysXVehiclesEditor (296)
[2018.11.05-04.15.03:087][207]LogModuleManager: Shutting down and abandoning module PhysXVehicles (294)
[2018.11.05-04.15.03:087][207]LogModuleManager: Shutting down and abandoning module OculusEditor (292)
[2018.11.05-04.15.03:087][207]LogModuleManager: Shutting down and abandoning module LocationServicesBPLibrary (290)
[2018.11.05-04.15.03:087][207]LogModuleManager: Shutting down and abandoning module ImmediatePhysicsEditor (288)
[2018.11.05-04.15.03:087][207]LogModuleManager: Shutting down and abandoning module ImmediatePhysics (286)
[2018.11.05-04.15.03:087][207]LogModuleManager: Shutting down and abandoning module ActorSequence (284)
[2018.11.05-04.15.03:087][207]LogModuleManager: Shutting down and abandoning module UdpMessaging (282)
[2018.11.05-04.15.03:188][207]LogModuleManager: Shutting down and abandoning module TcpMessaging (280)
[2018.11.05-04.15.03:288][207]LogModuleManager: Shutting down and abandoning module MagicLeapAudio (278)
[2018.11.05-04.15.03:288][207]LogModuleManager: Shutting down and abandoning module GameplayTagsEditor (276)
[2018.11.05-04.15.03:288][207]LogModuleManager: Shutting down and abandoning module FacialAnimationEditor (274)
[2018.11.05-04.15.03:288][207]LogModuleManager: Shutting down and abandoning module FacialAnimation (272)
[2018.11.05-04.15.03:288][207]LogModuleManager: Shutting down and abandoning module DataValidation (270)
[2018.11.05-04.15.03:288][207]LogModuleManager: Shutting down and abandoning module AssetManagerEditor (268)
[2018.11.05-04.15.03:288][207]LogModuleManager: Shutting down and abandoning module LevelEditor (267)
[2018.11.05-04.15.03:289][207]LogModuleManager: Shutting down and abandoning module PixelInspectorModule (266)
[2018.11.05-04.15.03:290][207]LogModuleManager: Shutting down and abandoning module CommonMenuExtensions (264)
[2018.11.05-04.15.03:290][207]LogModuleManager: Shutting down and abandoning module MainFrame (262)
[2018.11.05-04.15.03:290][207]LogModuleManager: Shutting down and abandoning module HotReload (261)
[2018.11.05-04.15.03:291][207]LogModuleManager: Shutting down and abandoning module ContentBrowser (257)
[2018.11.05-04.15.03:292][207]LogModuleManager: Shutting down and abandoning module TreeMap (255)
[2018.11.05-04.15.03:292][207]LogModuleManager: Shutting down and abandoning module LightPropagationVolumeRuntime (252)
[2018.11.05-04.15.03:292][207]LogModuleManager: Shutting down and abandoning module AISupportModule (250)
[2018.11.05-04.15.03:292][207]LogModuleManager: Shutting down and abandoning module Paper2D (248)
[2018.11.05-04.15.03:292][207]LogModuleManager: Shutting down and abandoning module WindowsMoviePlayer (246)
[2018.11.05-04.15.03:292][207]LogModuleManager: Shutting down and abandoning module WmfMedia (244)
[2018.11.05-04.15.03:293][207]LogModuleManager: Shutting down and abandoning module Media (243)
[2018.11.05-04.15.03:300][207]LogModuleManager: Shutting down and abandoning module PacketHandler (240)
[2018.11.05-04.15.03:300][207]LogModuleManager: Shutting down and abandoning module ClothingSystemEditor (238)
[2018.11.05-04.15.03:300][207]LogModuleManager: Shutting down and abandoning module ClothingSystemRuntime (236)
[2018.11.05-04.15.03:300][207]LogModuleManager: Shutting down and abandoning module MediaAssets (234)
[2018.11.05-04.15.03:300][207]LogModuleManager: Shutting down and abandoning module Overlay (232)
[2018.11.05-04.15.03:300][207]LogModuleManager: Shutting down and abandoning module OverlayEditor (231)
[2018.11.05-04.15.03:300][207]LogModuleManager: Shutting down and abandoning module VREditor (228)
[2018.11.05-04.15.03:300][207]LogModuleManager: Shutting down and abandoning module StringTableEditor (226)
[2018.11.05-04.15.03:300][207]LogModuleManager: Shutting down and abandoning module GameplayTasksEditor (224)
[2018.11.05-04.15.03:300][207]LogModuleManager: Shutting down and abandoning module BehaviorTreeEditor (222)
[2018.11.05-04.15.03:301][207]LogModuleManager: Shutting down and abandoning module FunctionalTesting (220)
[2018.11.05-04.15.03:301][207]LogModuleManager: Shutting down and abandoning module CollisionAnalyzer (218)
[2018.11.05-04.15.03:301][207]LogModuleManager: Shutting down and abandoning module WorkspaceMenuStructure (217)
[2018.11.05-04.15.03:301][207]LogModuleManager: Shutting down and abandoning module UMG (214)
[2018.11.05-04.15.03:301][207]LogModuleManager: Shutting down and abandoning module UMGEditor (213)
[2018.11.05-04.15.03:302][207]LogModuleManager: Shutting down and abandoning module Sequencer (212)
[2018.11.05-04.15.03:302][207]LogModuleManager: Shutting down and abandoning module MessageLog (209)
[2018.11.05-04.15.03:302][207]LogModuleManager: Shutting down and abandoning module SlateReflector (204)
[2018.11.05-04.15.03:302][207]LogModuleManager: Shutting down and abandoning module Slate (202)
[2018.11.05-04.15.03:302][207]LogModuleManager: Shutting down and abandoning module EditorStyle (200)
[2018.11.05-04.15.03:305][207]LogModuleManager: Shutting down and abandoning module MRMesh (198)
[2018.11.05-04.15.03:305][207]LogModuleManager: Shutting down and abandoning module SourceCodeAccess (196)
[2018.11.05-04.15.03:305][207]LogModuleManager: Shutting down and abandoning module HeadMountedDisplay (194)
[2018.11.05-04.15.03:305][207]LogModuleManager: Shutting down and abandoning module XAudio2 (192)
[2018.11.05-04.15.03:305][207]LogModuleManager: Shutting down and abandoning module Networking (190)
[2018.11.05-04.15.03:305][207]LogModuleManager: Shutting down and abandoning module Core (188)
[2018.11.05-04.15.03:305][207]LogModuleManager: Shutting down and abandoning module LevelSequence (186)
[2018.11.05-04.15.03:305][207]LogModuleManager: Shutting down and abandoning module KismetCompiler (184)
[2018.11.05-04.15.03:305][207]LogModuleManager: Shutting down and abandoning module MeshUtilities (182)
[2018.11.05-04.15.03:305][207]LogModuleManager: Shutting down and abandoning module MeshMergeUtilities (181)
[2018.11.05-04.15.03:305][207]LogModuleManager: Shutting down and abandoning module MeshReductionInterface (180)
[2018.11.05-04.15.03:305][207]LogModuleManager: Shutting down and abandoning module SimplygonSwarm (179)
[2018.11.05-04.15.03:305][207]LogModuleManager: Shutting down and abandoning module ProxyLODMeshReduction (177)
[2018.11.05-04.15.03:305][207]LogModuleManager: Shutting down and abandoning module SimplygonMeshReduction (175)
[2018.11.05-04.15.03:306][207]LogModuleManager: Shutting down and abandoning module QuadricMeshReduction (173)
[2018.11.05-04.15.03:306][207]LogModuleManager: Shutting down and abandoning module MaterialBaking (169)
[2018.11.05-04.15.03:306][207]LogModuleManager: Shutting down and abandoning module DirectoryWatcher (165)
[2018.11.05-04.15.03:307][207]LogModuleManager: Shutting down and abandoning module DerivedDataCache (162)
[2018.11.05-04.15.03:347][207]LogDerivedDataCache: Shutdown
[2018.11.05-04.15.03:347][207]LogModuleManager: Shutting down and abandoning module XGEController (160)
[2018.11.05-04.15.03:347][207]LogXGEController: Cleaning working directory: C:/Users/Aislynn/AppData/Local/Temp/UnrealXGEWorkingDir/
[2018.11.05-04.15.03:347][207]LogModuleManager: Shutting down and abandoning module TargetPlatform (158)
[2018.11.05-04.15.03:348][207]LogModuleManager: Shutting down and abandoning module VulkanShaderFormat (157)
[2018.11.05-04.15.03:348][207]LogModuleManager: Shutting down and abandoning module ShaderFormatVectorVM (155)
[2018.11.05-04.15.03:348][207]LogModuleManager: Shutting down and abandoning module ShaderFormatOpenGL (153)
[2018.11.05-04.15.03:348][207]LogModuleManager: Shutting down and abandoning module ShaderFormatD3D (151)
[2018.11.05-04.15.03:348][207]LogModuleManager: Shutting down and abandoning module MetalShaderFormat (149)
[2018.11.05-04.15.03:348][207]LogModuleManager: Shutting down and abandoning module TextureFormatUncompressed (147)
[2018.11.05-04.15.03:348][207]LogModuleManager: Shutting down and abandoning module TextureFormatPVR (145)
[2018.11.05-04.15.03:348][207]LogModuleManager: Shutting down and abandoning module TextureFormatDXT (143)
[2018.11.05-04.15.03:348][207]LogModuleManager: Shutting down and abandoning module TextureFormatIntelISPCTexComp (141)
[2018.11.05-04.15.03:348][207]LogModuleManager: Shutting down and abandoning module TextureFormatASTC (139)
[2018.11.05-04.15.03:348][207]LogModuleManager: Shutting down and abandoning module ImageWrapper (138)
[2018.11.05-04.15.03:348][207]LogModuleManager: Shutting down and abandoning module TextureFormatAndroid (135)
[2018.11.05-04.15.03:348][207]LogModuleManager: Shutting down and abandoning module AudioFormatOpus (133)
[2018.11.05-04.15.03:348][207]LogModuleManager: Shutting down and abandoning module AudioFormatOgg (131)
[2018.11.05-04.15.03:348][207]LogModuleManager: Shutting down and abandoning module AudioFormatADPCM (129)
[2018.11.05-04.15.03:348][207]LogModuleManager: Shutting down and abandoning module LuminTargetPlatform (127)
[2018.11.05-04.15.03:348][207]LogModuleManager: Shutting down and abandoning module LinuxTargetPlatform (125)
[2018.11.05-04.15.03:348][207]LogModuleManager: Shutting down and abandoning module LinuxServerTargetPlatform (123)
[2018.11.05-04.15.03:348][207]LogModuleManager: Shutting down and abandoning module LinuxNoEditorTargetPlatform (121)
[2018.11.05-04.15.03:348][207]LogModuleManager: Shutting down and abandoning module LinuxClientTargetPlatform (119)
[2018.11.05-04.15.03:348][207]LogModuleManager: Shutting down and abandoning module TVOSTargetPlatform (117)
[2018.11.05-04.15.03:360][207]LogModuleManager: Shutting down and abandoning module Messaging (115)
[2018.11.05-04.15.03:360][207]LogModuleManager: Shutting down and abandoning module IOSTargetPlatform (113)
[2018.11.05-04.15.03:368][207]LogModuleManager: Shutting down and abandoning module HTML5TargetPlatform (111)
[2018.11.05-04.15.03:368][207]LogModuleManager: Shutting down and abandoning module AndroidTargetPlatform (109)
[2018.11.05-04.15.03:461][207]LogModuleManager: Shutting down and abandoning module WindowsTargetPlatform (107)
[2018.11.05-04.15.03:461][207]LogModuleManager: Shutting down and abandoning module WindowsServerTargetPlatform (105)
[2018.11.05-04.15.03:461][207]LogModuleManager: Shutting down and abandoning module WindowsNoEditorTargetPlatform (103)
[2018.11.05-04.15.03:462][207]LogModuleManager: Shutting down and abandoning module WindowsClientTargetPlatform (101)
[2018.11.05-04.15.03:462][207]LogModuleManager: Shutting down and abandoning module MacTargetPlatform (99)
[2018.11.05-04.15.03:462][207]LogModuleManager: Shutting down and abandoning module MacServerTargetPlatform (97)
[2018.11.05-04.15.03:462][207]LogModuleManager: Shutting down and abandoning module MacNoEditorTargetPlatform (95)
[2018.11.05-04.15.03:462][207]LogModuleManager: Shutting down and abandoning module MacClientTargetPlatform (93)
[2018.11.05-04.15.03:462][207]LogModuleManager: Shutting down and abandoning module AllDesktopTargetPlatform (91)
[2018.11.05-04.15.03:462][207]LogModuleManager: Shutting down and abandoning module InputCore (88)
[2018.11.05-04.15.03:462][207]LogModuleManager: Shutting down and abandoning module Settings (86)
[2018.11.05-04.15.03:462][207]LogModuleManager: Shutting down and abandoning module PhysXCooking (84)
[2018.11.05-04.15.03:462][207]LogModuleManager: Shutting down and abandoning module SteamVR (82)
[2018.11.05-04.15.03:462][207]LogModuleManager: Shutting down and abandoning module OculusHMD (80)
[2018.11.05-04.15.03:462][207]LogModuleManager: Shutting down and abandoning module ExampleDeviceProfileSelector (78)
[2018.11.05-04.15.03:462][207]LogModuleManager: Shutting down and abandoning module LauncherChunkInstaller (76)
[2018.11.05-04.15.03:462][207]LogModuleManager: Shutting down and abandoning module OnlineBlueprintSupport (74)
[2018.11.05-04.15.03:462][207]LogModuleManager: Shutting down and abandoning module OnlineSubsystem (70)
[2018.11.05-04.15.03:463][207]LogModuleManager: Shutting down and abandoning module XMPP (65)
[2018.11.05-04.15.03:463][207]LogModuleManager: Shutting down and abandoning module WebSockets (64)
[2018.11.05-04.15.03:470][207]LogModuleManager: Shutting down and abandoning module HTTP (61)
[2018.11.05-04.15.03:470][207]LogHttp: Display: Http module shutting down, but needs to wait on 1 outstanding Http requests:
[2018.11.05-04.15.03:470][207]LogHttp: Display: 	verb=[POST] url=[https://datarouter.ol.epicgames.com/datarouter/api/v1/public/data?SessionID=%7B738B4598-43D4-E8B6-13BC-17B8420866C8%7D&AppID=UEEditor.Rocket.Release&AppVersion=4.20.3-4369336%2B%2B%2BUE4%2BRelease-4.20&UserID=1800ad0a4dd5fdbc02bf95a92f21c0fd%7C06e05b5ece7642a1aa47cc4756b79281%7C46e6aaac-f8f5-4093-905c-57dca0aa7d9c&AppEnvironment=datacollector-binary&UploadType=eteventstream] status=Processing
[2018.11.05-04.15.03:479][207]LogModuleManager: Shutting down and abandoning module SSL (60)
[2018.11.05-04.15.03:480][207]LogModuleManager: Shutting down and abandoning module MagicLeapEmulator (56)
[2018.11.05-04.15.03:480][207]LogModuleManager: Shutting down and abandoning module MagicLeapPrivileges (54)
[2018.11.05-04.15.03:480][207]LogModuleManager: Shutting down and abandoning module MagicLeapIdentity (52)
[2018.11.05-04.15.03:480][207]LogModuleManager: Shutting down and abandoning module MagicLeapHelperVulkan (50)
[2018.11.05-04.15.03:480][207]LogModuleManager: Shutting down and abandoning module MagicLeapHelperOpenGL (48)
[2018.11.05-04.15.03:480][207]LogModuleManager: Shutting down and abandoning module MagicLeapSecureStorage (46)
[2018.11.05-04.15.03:480][207]LogModuleManager: Shutting down and abandoning module MagicLeapGestures (44)
[2018.11.05-04.15.03:480][207]LogModuleManager: Shutting down and abandoning module MagicLeapEyeTracker (42)
[2018.11.05-04.15.03:481][207]LogModuleManager: Shutting down and abandoning module MagicLeapController (40)
[2018.11.05-04.15.03:481][207]LogSlate: Slate User Destroyed.  User Index 0, Is Virtual User: 0
[2018.11.05-04.15.03:481][207]LogModuleManager: Shutting down and abandoning module MagicLeap (38)
[2018.11.05-04.15.03:481][207]LogModuleManager: Shutting down and abandoning module AnimationModifiers (36)
[2018.11.05-04.15.03:481][207]LogModuleManager: Shutting down and abandoning module PropertyEditor (35)
[2018.11.05-04.15.03:481][207]LogModuleManager: Shutting down and abandoning module AudioEditor (32)
[2018.11.05-04.15.03:481][207]LogModuleManager: Shutting down and abandoning module TextureCompressor (30)
[2018.11.05-04.15.03:481][207]LogModuleManager: Shutting down and abandoning module ShaderCore (28)
[2018.11.05-04.15.03:481][207]LogModuleManager: Shutting down and abandoning module Landscape (26)
[2018.11.05-04.15.03:481][207]LogModuleManager: Shutting down and abandoning module SlateRHIRenderer (24)
[2018.11.05-04.15.03:482][207]LogModuleManager: Shutting down and abandoning module OpenGLDrv (22)
[2018.11.05-04.15.03:482][207]LogModuleManager: Shutting down and abandoning module D3D11RHI (20)
[2018.11.05-04.15.03:482][207]LogModuleManager: Shutting down and abandoning module AnimGraphRuntime (18)
[2018.11.05-04.15.03:482][207]LogModuleManager: Shutting down and abandoning module Renderer (16)
[2018.11.05-04.15.03:482][207]LogModuleManager: Shutting down and abandoning module Engine (14)
[2018.11.05-04.15.03:482][207]LogModuleManager: Shutting down and abandoning module CoreUObject (12)
[2018.11.05-04.15.03:482][207]LogModuleManager: Shutting down and abandoning module NetworkFile (10)
[2018.11.05-04.15.03:482][207]LogModuleManager: Shutting down and abandoning module CookedIterativeFile (8)
[2018.11.05-04.15.03:482][207]LogModuleManager: Shutting down and abandoning module StreamingFile (6)
[2018.11.05-04.15.03:482][207]LogModuleManager: Shutting down and abandoning module SandboxFile (4)
[2018.11.05-04.15.03:482][207]LogModuleManager: Shutting down and abandoning module PakFile (2)
[2018.11.05-04.15.03:485][207]LogExit: Exiting.
[2018.11.05-04.15.03:530][207]Log file closed, 11/04/18 23:15:03
