"E:/Documents/Professional Things/Capstone/TAD_v00.00.01/Dinochan_v001/Content/Mannequin/Character/Mesh/UE4_Mannequin_Skeleton.uasset" 0
"E:/Documents/Professional Things/Capstone/TAD_v00.00.01/Dinochan_v001/Content/Mannequin/Animations/ThirdPersonJump_End.uasset" 1
"E:/Documents/Professional Things/Capstone/TAD_v00.00.01/Dinochan_v001/Content/StarterContent/Materials/M_Basic_Wall.uasset" 2
"E:/Documents/Professional Things/Capstone/TAD_v00.00.01/Dinochan_v001/Content/StarterContent/Architecture/Pillar_50x500.uasset" 3
"E:/Documents/Professional Things/Capstone/TAD_v00.00.01/Dinochan_v001/Content/StarterContent/Architecture/Wall_400x300.uasset" 4
"E:/Documents/Professional Things/Capstone/TAD_v00.00.01/Dinochan_v001/Content/StarterContent/Architecture/Wall_400x400.uasset" 5
"E:/Documents/Professional Things/Capstone/TAD_v00.00.01/Dinochan_v001/Content/StarterContent/Architecture/Wall_500x500.uasset" 6
"E:/Documents/Professional Things/Capstone/TAD_v00.00.01/Dinochan_v001/Content/StarterContent/Architecture/Wall_Door_400x400.uasset" 7
"E:/Documents/Professional Things/Capstone/TAD_v00.00.01/Dinochan_v001/Content/StarterContent/Architecture/Wall_Window_400x400.uasset" 8
"E:/Documents/Professional Things/Capstone/TAD_v00.00.01/Dinochan_v001/Content/StarterContent/Audio/Collapse01.uasset" 9
"E:/Documents/Professional Things/Capstone/TAD_v00.00.01/Dinochan_v001/Content/StarterContent/Audio/Collapse02.uasset" 10
"E:/Documents/Professional Things/Capstone/TAD_v00.00.01/Dinochan_v001/Content/StarterContent/Audio/Explosion01.uasset" 11
"E:/Documents/Professional Things/Capstone/TAD_v00.00.01/Dinochan_v001/Content/StarterContent/Audio/Explosion02.uasset" 12
"E:/Documents/Professional Things/Capstone/TAD_v00.00.01/Dinochan_v001/Content/StarterContent/Audio/Fire01.uasset" 13
"E:/Documents/Professional Things/Capstone/TAD_v00.00.01/Dinochan_v001/Content/StarterContent/Audio/Fire_Sparks01.uasset" 14
"E:/Documents/Professional Things/Capstone/TAD_v00.00.01/Dinochan_v001/Content/StarterContent/Audio/Light01.uasset" 15
"E:/Documents/Professional Things/Capstone/TAD_v00.00.01/Dinochan_v001/Content/StarterContent/Audio/Light01_Cue.uasset" 16
"E:/Documents/Professional Things/Capstone/TAD_v00.00.01/Dinochan_v001/Content/StarterContent/Audio/Light02.uasset" 17
"E:/Documents/Professional Things/Capstone/TAD_v00.00.01/Dinochan_v001/Content/StarterContent/Audio/Light02_Cue.uasset" 18
"E:/Documents/Professional Things/Capstone/TAD_v00.00.01/Dinochan_v001/Content/StarterContent/Audio/Smoke01.uasset" 19
"E:/Documents/Professional Things/Capstone/TAD_v00.00.01/Dinochan_v001/Content/StarterContent/Audio/Starter_Birds01.uasset" 20
"E:/Documents/Professional Things/Capstone/TAD_v00.00.01/Dinochan_v001/Content/StarterContent/Audio/Starter_Music01.uasset" 21
"E:/Documents/Professional Things/Capstone/TAD_v00.00.01/Dinochan_v001/Content/StarterContent/Audio/Starter_Wind05.uasset" 22
"E:/Documents/Professional Things/Capstone/TAD_v00.00.01/Dinochan_v001/Content/StarterContent/Audio/Starter_Wind06.uasset" 23
"E:/Documents/Professional Things/Capstone/TAD_v00.00.01/Dinochan_v001/Content/StarterContent/Audio/Steam01.uasset" 24
"E:/Documents/Professional Things/Capstone/TAD_v00.00.01/Dinochan_v001/Content/StarterContent/Audio/Explosion_Cue.uasset" 25
"E:/Documents/Professional Things/Capstone/TAD_v00.00.01/Dinochan_v001/Content/StarterContent/Textures/T_Burst_M.uasset" 26
"E:/Documents/Professional Things/Capstone/TAD_v00.00.01/Dinochan_v001/Content/StarterContent/Particles/Materials/M_Burst.uasset" 27
"E:/Documents/Professional Things/Capstone/TAD_v00.00.01/Dinochan_v001/Content/StarterContent/Textures/T_Explosion_SubUV.uasset" 28
"E:/Documents/Professional Things/Capstone/TAD_v00.00.01/Dinochan_v001/Content/StarterContent/Particles/Materials/M_explosion_subUV.uasset" 29
"E:/Documents/Professional Things/Capstone/TAD_v00.00.01/Dinochan_v001/Content/StarterContent/Particles/Materials/m_flare_01.uasset" 30
"../../../Engine/Content/Functions/Engine_MaterialFunctions01/Gradient/RadialGradient.uasset" 31
"E:/Documents/Professional Things/Capstone/TAD_v00.00.01/Dinochan_v001/Content/StarterContent/Particles/Materials/M_radial_ramp.uasset" 32
"E:/Documents/Professional Things/Capstone/TAD_v00.00.01/Dinochan_v001/Content/StarterContent/Textures/T_Smoke_SubUV.uasset" 33
"E:/Documents/Professional Things/Capstone/TAD_v00.00.01/Dinochan_v001/Content/StarterContent/Textures/T_Smoke_Tiled_D.uasset" 34
"E:/Documents/Professional Things/Capstone/TAD_v00.00.01/Dinochan_v001/Content/StarterContent/Particles/Materials/M_smoke_subUV.uasset" 35
"E:/Documents/Professional Things/Capstone/TAD_v00.00.01/Dinochan_v001/Content/StarterContent/Particles/P_Explosion.uasset" 36
"E:/Documents/Professional Things/Capstone/TAD_v00.00.01/Dinochan_v001/Content/StarterContent/Blueprints/Blueprint_Effect_Explosion.uasset" 37
"../../../Engine/Content/EditorMeshes/ColorCalibrator/T_ColorGrid.uasset" 38
"E:/Documents/Professional Things/Capstone/TAD_v00.00.01/Dinochan_v001/Content/StarterContent/Materials/M_ColorGrid_LowSpec.uasset" 39
"E:/Documents/Professional Things/Capstone/TAD_v00.00.01/Dinochan_v001/Content/StarterContent/Textures/T_Bush_D.uasset" 40
"E:/Documents/Professional Things/Capstone/TAD_v00.00.01/Dinochan_v001/Content/StarterContent/Textures/T_Bush_N.uasset" 41
"E:/Documents/Professional Things/Capstone/TAD_v00.00.01/Dinochan_v001/Content/StarterContent/Props/Materials/M_Bush.uasset" 42
"E:/Documents/Professional Things/Capstone/TAD_v00.00.01/Dinochan_v001/Content/StarterContent/Props/SM_Bush.uasset" 43
"E:/Documents/Professional Things/Capstone/TAD_v00.00.01/Dinochan_v001/Content/StarterContent/Textures/T_Chair_M.uasset" 44
"E:/Documents/Professional Things/Capstone/TAD_v00.00.01/Dinochan_v001/Content/StarterContent/Textures/T_Chair_N.uasset" 45
"E:/Documents/Professional Things/Capstone/TAD_v00.00.01/Dinochan_v001/Content/StarterContent/Props/Materials/M_Chair.uasset" 46
"E:/Documents/Professional Things/Capstone/TAD_v00.00.01/Dinochan_v001/Content/StarterContent/Props/SM_Couch.uasset" 47
"E:/Documents/Professional Things/Capstone/TAD_v00.00.01/Dinochan_v001/Content/StarterContent/Materials/M_Glass.uasset" 48
"E:/Documents/Professional Things/Capstone/TAD_v00.00.01/Dinochan_v001/Content/StarterContent/Textures/T_Door_M.uasset" 49
"E:/Documents/Professional Things/Capstone/TAD_v00.00.01/Dinochan_v001/Content/StarterContent/Textures/T_Door_N.uasset" 50
"E:/Documents/Professional Things/Capstone/TAD_v00.00.01/Dinochan_v001/Content/StarterContent/Props/Materials/M_Door.uasset" 51
"E:/Documents/Professional Things/Capstone/TAD_v00.00.01/Dinochan_v001/Content/StarterContent/Props/SM_Door.uasset" 52
"E:/Documents/Professional Things/Capstone/TAD_v00.00.01/Dinochan_v001/Content/StarterContent/Props/Materials/M_MaterialSphere.uasset" 53
"E:/Documents/Professional Things/Capstone/TAD_v00.00.01/Dinochan_v001/Content/StarterContent/Props/Materials/M_MaterialSphere_Plain.uasset" 54
"E:/Documents/Professional Things/Capstone/TAD_v00.00.01/Dinochan_v001/Content/StarterContent/Props/SM_MatPreviewMesh_02.uasset" 55
"../../../Engine/Content/Functions/Engine_MaterialFunctions02/Utility/BlendAngleCorrectedNormals.uasset" 56
"E:/Documents/Professional Things/Capstone/TAD_v00.00.01/Dinochan_v001/Content/StarterContent/Textures/T_Detail_Rocky_N.uasset" 57
"E:/Documents/Professional Things/Capstone/TAD_v00.00.01/Dinochan_v001/Content/StarterContent/Textures/T_Rock_Basalt_D.uasset" 58
"E:/Documents/Professional Things/Capstone/TAD_v00.00.01/Dinochan_v001/Content/StarterContent/Textures/T_RockMesh_M.uasset" 59
"E:/Documents/Professional Things/Capstone/TAD_v00.00.01/Dinochan_v001/Content/StarterContent/Textures/T_RockMesh_N.uasset" 60
"E:/Documents/Professional Things/Capstone/TAD_v00.00.01/Dinochan_v001/Content/StarterContent/Props/Materials/M_Rock.uasset" 61
"E:/Documents/Professional Things/Capstone/TAD_v00.00.01/Dinochan_v001/Content/StarterContent/Props/SM_Rock.uasset" 62
"E:/Documents/Professional Things/Capstone/TAD_v00.00.01/Dinochan_v001/Content/StarterContent/Textures/T_Shelf_M.uasset" 63
"E:/Documents/Professional Things/Capstone/TAD_v00.00.01/Dinochan_v001/Content/StarterContent/Textures/T_Shelf_N.uasset" 64
"E:/Documents/Professional Things/Capstone/TAD_v00.00.01/Dinochan_v001/Content/StarterContent/Props/Materials/M_Shelf.uasset" 65
"E:/Documents/Professional Things/Capstone/TAD_v00.00.01/Dinochan_v001/Content/StarterContent/Props/SM_Shelf.uasset" 66
"E:/Documents/Professional Things/Capstone/TAD_v00.00.01/Dinochan_v001/Content/StarterContent/Materials/M_Basic_Floor.uasset" 67
"E:/Documents/Professional Things/Capstone/TAD_v00.00.01/Dinochan_v001/Content/StarterContent/Props/SM_Stairs.uasset" 68
"E:/Documents/Professional Things/Capstone/TAD_v00.00.01/Dinochan_v001/Content/StarterContent/Shapes/Shape_Cone.uasset" 69
"E:/Documents/Professional Things/Capstone/TAD_v00.00.01/Dinochan_v001/Content/StarterContent/Shapes/Shape_Cylinder.uasset" 70
"E:/Documents/Professional Things/Capstone/TAD_v00.00.01/Dinochan_v001/Content/StarterContent/Shapes/Shape_NarrowCapsule.uasset" 71
"E:/Documents/Professional Things/Capstone/TAD_v00.00.01/Dinochan_v001/Content/StarterContent/Shapes/Shape_Pipe.uasset" 72
"E:/Documents/Professional Things/Capstone/TAD_v00.00.01/Dinochan_v001/Content/StarterContent/Shapes/Shape_Pipe_180.uasset" 73
"E:/Documents/Professional Things/Capstone/TAD_v00.00.01/Dinochan_v001/Content/StarterContent/Shapes/Shape_Pipe_90.uasset" 74
"E:/Documents/Professional Things/Capstone/TAD_v00.00.01/Dinochan_v001/Content/StarterContent/Shapes/Shape_Plane.uasset" 75
"E:/Documents/Professional Things/Capstone/TAD_v00.00.01/Dinochan_v001/Content/StarterContent/Shapes/Shape_Torus.uasset" 76
"E:/Documents/Professional Things/Capstone/TAD_v00.00.01/Dinochan_v001/Content/StarterContent/Shapes/Shape_Trim.uasset" 77
"E:/Documents/Professional Things/Capstone/TAD_v00.00.01/Dinochan_v001/Content/StarterContent/Shapes/Shape_Trim_90_In.uasset" 78
"E:/Documents/Professional Things/Capstone/TAD_v00.00.01/Dinochan_v001/Content/StarterContent/Shapes/Shape_Trim_90_Out.uasset" 79
"E:/Documents/Professional Things/Capstone/TAD_v00.00.01/Dinochan_v001/Content/StarterContent/Shapes/Shape_TriPyramid.uasset" 80
"E:/Documents/Professional Things/Capstone/TAD_v00.00.01/Dinochan_v001/Content/StarterContent/Shapes/Shape_Tube.uasset" 81
"E:/Documents/Professional Things/Capstone/TAD_v00.00.01/Dinochan_v001/Content/StarterContent/Shapes/Shape_Wedge_A.uasset" 82
"E:/Documents/Professional Things/Capstone/TAD_v00.00.01/Dinochan_v001/Content/StarterContent/Shapes/Shape_Wedge_B.uasset" 83
"E:/Documents/Professional Things/Capstone/TAD_v00.00.01/Dinochan_v001/Content/StarterContent/Shapes/Shape_WideCapsule.uasset" 84
"E:/Documents/Professional Things/Capstone/TAD_v00.00.01/Dinochan_v001/Content/Mannequin/Animations/ThirdPerson_Jump.uasset" 85
"E:/Documents/Professional Things/Capstone/TAD_v00.00.01/Dinochan_v001/Content/Mannequin/Animations/ThirdPersonJump_Loop.uasset" 86
"E:/Documents/Professional Things/Capstone/TAD_v00.00.01/Dinochan_v001/Content/Mannequin/Animations/ThirdPersonJump_Start.uasset" 87
"E:/Documents/Professional Things/Capstone/TAD_v00.00.01/Dinochan_v001/Content/Mannequin/Animations/ThirdPersonIdle.uasset" 88
"E:/Documents/Professional Things/Capstone/TAD_v00.00.01/Dinochan_v001/Content/Mannequin/Animations/ThirdPersonRun.uasset" 89
"E:/Documents/Professional Things/Capstone/TAD_v00.00.01/Dinochan_v001/Content/Mannequin/Animations/ThirdPersonWalk.uasset" 90
"E:/Documents/Professional Things/Capstone/TAD_v00.00.01/Dinochan_v001/Content/Mannequin/Animations/ThirdPerson_IdleRun_2D.uasset" 91
"../../../Engine/Content/EditorBlueprintResources/StandardMacros.uasset" 92
"E:/Documents/Professional Things/Capstone/TAD_v00.00.01/Dinochan_v001/Content/Mannequin/Animations/ThirdPerson_AnimBP.uasset" 93
"../../../Engine/Content/Functions/MaterialLayerFunctions/MatLayerBlend_NormalBlend.uasset" 94
"../../../Engine/Content/Functions/MaterialLayerFunctions/MatLayerBlend_Simple.uasset" 95
"E:/Documents/Professional Things/Capstone/TAD_v00.00.01/Dinochan_v001/Content/Mannequin/Character/Materials/MaterialLayers/T_ML_Rubber_Blue_01_D.uasset" 96
"E:/Documents/Professional Things/Capstone/TAD_v00.00.01/Dinochan_v001/Content/Mannequin/Character/Materials/MaterialLayers/T_ML_Rubber_Blue_01_N.uasset" 97
"E:/Documents/Professional Things/Capstone/TAD_v00.00.01/Dinochan_v001/Content/Mannequin/Character/Materials/MaterialLayers/ML_GlossyBlack_Latex_UE4.uasset" 98
"E:/Documents/Professional Things/Capstone/TAD_v00.00.01/Dinochan_v001/Content/Mannequin/Character/Materials/MaterialLayers/ML_Plastic_Shiny_Beige.uasset" 99
"E:/Documents/Professional Things/Capstone/TAD_v00.00.01/Dinochan_v001/Content/Mannequin/Character/Textures/UE4_LOGO_CARD.uasset" 100
"E:/Documents/Professional Things/Capstone/TAD_v00.00.01/Dinochan_v001/Content/Mannequin/Character/Materials/MaterialLayers/ML_Plastic_Shiny_Beige_LOGO.uasset" 101
"E:/Documents/Professional Things/Capstone/TAD_v00.00.01/Dinochan_v001/Content/Mannequin/Character/Materials/MaterialLayers/T_ML_Aluminum01.uasset" 102
"E:/Documents/Professional Things/Capstone/TAD_v00.00.01/Dinochan_v001/Content/Mannequin/Character/Materials/MaterialLayers/T_ML_Aluminum01_N.uasset" 103
"E:/Documents/Professional Things/Capstone/TAD_v00.00.01/Dinochan_v001/Content/Mannequin/Character/Materials/MaterialLayers/ML_SoftMetal_UE4.uasset" 104
"E:/Documents/Professional Things/Capstone/TAD_v00.00.01/Dinochan_v001/Content/Mannequin/Character/Textures/UE4_Mannequin__normals.uasset" 105
"E:/Documents/Professional Things/Capstone/TAD_v00.00.01/Dinochan_v001/Content/Mannequin/Character/Textures/UE4_Mannequin_MAT_MASKA.uasset" 106
"E:/Documents/Professional Things/Capstone/TAD_v00.00.01/Dinochan_v001/Content/Mannequin/Character/Materials/M_UE4Man_Body.uasset" 107
"E:/Documents/Professional Things/Capstone/TAD_v00.00.01/Dinochan_v001/Content/Mannequin/Character/Textures/UE4Man_Logo_N.uasset" 108
"E:/Documents/Professional Things/Capstone/TAD_v00.00.01/Dinochan_v001/Content/Mannequin/Character/Materials/M_UE4Man_ChestLogo.uasset" 109
"E:/Documents/Professional Things/Capstone/TAD_v00.00.01/Dinochan_v001/Content/Mannequin/Character/Mesh/SK_Mannequin_PhysicsAsset.uasset" 110
"E:/Documents/Professional Things/Capstone/TAD_v00.00.01/Dinochan_v001/Content/Mannequin/Character/Mesh/SK_Mannequin.uasset" 111
"E:/Documents/Professional Things/Capstone/TAD_v00.00.01/Dinochan_v001/Content/ThirdPersonBP/Blueprints/ThirdPersonCharacter.uasset" 112
"E:/Documents/Professional Things/Capstone/TAD_v00.00.01/Dinochan_v001/Content/ThirdPersonBP/Blueprints/ThirdPersonGameMode.uasset" 113
"../../../Engine/Content/Functions/Engine_MaterialFunctions01/Opacity/CameraDepthFade.uasset" 114
"../../../Engine/Content/EngineMaterials/T_Default_Material_Grid_M.uasset" 115
"../../../Engine/Content/EngineMaterials/T_Default_Material_Grid_N.uasset" 116
"../../../Engine/Content/EngineMaterials/DefaultMaterial.uasset" 117
"../../../Engine/Content/BasicShapes/Cone.uasset" 118
"../../../Engine/Content/EngineMaterials/WorldGridMaterial.uasset" 119
"../../../Engine/Content/BasicShapes/Plane.uasset" 120
"../../../Engine/Content/BasicShapes/Sphere.uasset" 121
"../../../Engine/Content/EditorLandscapeResources/DataLayer.uasset" 122
"../../../Engine/Content/EditorMaterials/GizmoMaterial.uasset" 123
"../../../Engine/Content/EditorMaterials/MAT_Groups_Toggle.uasset" 124
"../../../Engine/Content/EditorMaterials/MAT_Groups_Visibility.uasset" 125
"../../../Engine/Content/EditorMaterials/PreviewShadowIndicator.uasset" 126
"../../../Engine/Content/EditorMaterials/PreviewShadowIndicatorMaterial.uasset" 127
"../../../Engine/Content/EditorMaterials/MatineeGroups/MAT_ColorTrack.uasset" 128
"../../../Engine/Content/EditorMaterials/MatineeGroups/MAT_Groups_Anim.uasset" 129
"../../../Engine/Content/EditorMaterials/MatineeGroups/MAT_Groups_AudioMaster.uasset" 130
"../../../Engine/Content/EditorMaterials/MatineeGroups/MAT_Groups_Director.uasset" 131
"../../../Engine/Content/EditorMaterials/MatineeGroups/MAT_Groups_Event.uasset" 132
"../../../Engine/Content/EditorMaterials/MatineeGroups/MAT_Groups_Fade.uasset" 133
"../../../Engine/Content/EditorMaterials/MatineeGroups/MAT_Groups_Float.uasset" 134
"../../../Engine/Content/EditorMaterials/MatineeGroups/MAT_Groups_Move.uasset" 135
"../../../Engine/Content/EditorMaterials/MatineeGroups/MAT_Groups_Slomo.uasset" 136
"../../../Engine/Content/EditorMaterials/MatineeGroups/MAT_Groups_Sound.uasset" 137
"../../../Engine/Content/EditorMaterials/MatineeGroups/MAT_Groups_Vector.uasset" 138
"../../../Engine/Content/EditorMaterials/ParticleSystems/PSysThumbnail_NoImage.uasset" 139
"../../../Engine/Content/EditorMaterials/ParticleSystems/PSysThumbnail_OOD.uasset" 140
"../../../Engine/Content/EditorMaterials/Camera/CineMat.uasset" 141
"../../../Engine/Content/EditorMaterials/Camera/MI_CineMat_Rig.uasset" 142
"../../../Engine/Content/EditorMeshes/Camera/SM_CraneRig_Arm.uasset" 143
"../../../Engine/Content/EditorMeshes/Camera/SM_CraneRig_Base.uasset" 144
"../../../Engine/Content/EditorMeshes/Camera/SM_CraneRig_Body.uasset" 145
"../../../Engine/Content/EditorMeshes/Camera/SM_CraneRig_Mount.uasset" 146
"../../../Engine/Content/EditorMeshes/Camera/SM_RailRig_Mount.uasset" 147
"../../../Engine/Content/EditorMeshes/Camera/SM_RailRig_Track.uasset" 148
"../../../Engine/Content/EditorResources/BSPVertex.uasset" 149
"../../../Engine/Content/EditorResources/EmptyActor.uasset" 150
"../../../Engine/Content/EditorResources/S_Actor.uasset" 151
"../../../Engine/Content/EditorResources/S_Trigger.uasset" 152
"../../../Engine/Content/EditorResources/AudioIcons/S_AudioComponent.uasset" 153
"../../../Engine/Content/EditorResources/AudioIcons/S_AudioComponent_AutoActivate.uasset" 154
"../../../Engine/Content/EditorResources/LightIcons/S_LightError.uasset" 155
"../../../Engine/Content/EditorResources/SequenceRecorder/Countdown.uasset" 156
"../../../Engine/Content/EditorResources/SequenceRecorder/RecordingIndicator.uasset" 157
"../../../Engine/Content/EditorSounds/Notifications/CompileFailed.uasset" 158
"../../../Engine/Content/EditorSounds/Notifications/CompileFailed_Cue.uasset" 159
"../../../Engine/Content/EditorSounds/Notifications/CompileSuccess.uasset" 160
"../../../Engine/Content/EditorSounds/Notifications/CompileStart_Cue.uasset" 161
"../../../Engine/Content/EditorSounds/Notifications/CompileSuccess_Cue.uasset" 162
"../../../Engine/Content/EngineDamageTypes/DmgTypeBP_Environmental.uasset" 163
"../../../Engine/Content/EngineDebugMaterials/HeatmapGradient.uasset" 164
"../../../Engine/Content/EngineDebugMaterials/BoneWeightMaterial.uasset" 165
"../../../Engine/Content/EngineDebugMaterials/ClothMaterial.uasset" 166
"../../../Engine/Content/EngineDebugMaterials/ClothMaterial_WF.uasset" 167
"../../../Engine/Content/EngineDebugMaterials/DebugEditorMaterial.uasset" 168
"../../../Engine/Content/EngineDebugMaterials/DebugMeshMaterial.uasset" 169
"../../../Engine/Content/EngineDebugMaterials/GeomMaterial.uasset" 170
"../../../Engine/Content/EngineFonts/Faces/RobotoBold.uasset" 171
"../../../Engine/Content/EngineFonts/Faces/RobotoBoldItalic.uasset" 172
"../../../Engine/Content/EngineFonts/Faces/RobotoItalic.uasset" 173
"../../../Engine/Content/EngineFonts/Faces/RobotoLight.uasset" 174
"../../../Engine/Content/EngineFonts/Faces/RobotoRegular.uasset" 175
"../../../Engine/Content/EngineFonts/Roboto.uasset" 176
"../../../Engine/Content/EngineFonts/Faces/RobotoTiny.uasset" 177
"../../../Engine/Content/EngineFonts/RobotoTiny.uasset" 178
"../../../Engine/Content/EngineMaterials/DefaultBloomKernel.uasset" 179
"../../../Engine/Content/EngineMaterials/DefaultBokeh.uasset" 180
"../../../Engine/Content/EngineMaterials/DefaultDiffuse.uasset" 181
"../../../Engine/Content/EngineMaterials/DefaultDeferredDecalMaterial.uasset" 182
"../../../Engine/Content/EngineMaterials/DefaultLightFunctionMaterial.uasset" 183
"../../../Engine/Content/EngineMaterials/DefaultPhysicalMaterial.uasset" 184
"../../../Engine/Content/Functions/Engine_MaterialFunctions02/Utility/BreakOutFloat2Components.uasset" 185
"../../../Engine/Content/EngineMaterials/DefaultPostProcessMaterial.uasset" 186
"../../../Engine/Content/EngineFonts/RobotoDistanceField.uasset" 187
"../../../Engine/Content/EngineMaterials/DefaultTextMaterialOpaque.uasset" 188
"../../../Engine/Content/EngineMaterials/DefaultWhiteGrid.uasset" 189
"../../../Engine/Content/EngineMaterials/EditorBrushMaterial.uasset" 190
"../../../Engine/Content/EngineMaterials/Good64x64TilingNoiseHighFreq.uasset" 191
"../../../Engine/Content/EngineMaterials/MiniFont.uasset" 192
"../../../Engine/Content/EngineMaterials/InvalidLightmapSettings.uasset" 193
"../../../Engine/Content/EngineMaterials/M_InvalidLightmapSettings.uasset" 194
"../../../Engine/Content/Functions/Engine_MaterialFunctions02/WorldPositionOffset/CameraOffset.uasset" 195
"../../../Engine/Content/EngineMaterials/PhAT_JointLimitMaterial.uasset" 196
"../../../Engine/Content/EngineMaterials/PreintegratedSkinBRDF.uasset" 197
"../../../Engine/Content/EngineMaterials/RemoveSurfaceMaterial.uasset" 198
"../../../Engine/Content/EngineMaterials/WeightMapPlaceholderTexture.uasset" 199
"../../../Engine/Content/EngineResources/WhiteSquareTexture.uasset" 200
"../../../Engine/Content/EngineMaterials/Widget3DPassThrough.uasset" 201
"../../../Engine/Content/EngineMaterials/Widget3DPassThrough_Masked.uasset" 202
"../../../Engine/Content/EngineMaterials/Widget3DPassThrough_Opaque.uasset" 203
"../../../Engine/Content/EngineMaterials/Widget3DPassThrough_Masked_OneSided.uasset" 204
"../../../Engine/Content/EngineMaterials/Widget3DPassThrough_Opaque_OneSided.uasset" 205
"../../../Engine/Content/EngineMaterials/Widget3DPassThrough_Translucent.uasset" 206
"../../../Engine/Content/EngineMaterials/Widget3DPassThrough_Translucent_OneSided.uasset" 207
"../../../Engine/Content/EngineMeshes/Cube.uasset" 208
"../../../Engine/Content/EngineMeshes/Cylinder.uasset" 209
"../../../Engine/Content/EngineMeshes/Sphere.uasset" 210
"../../../Engine/Content/EngineResources/Black.uasset" 211
"../../../Engine/Content/EngineResources/DefaultTexture.uasset" 212
"../../../Engine/Content/EngineResources/DefaultTextureCube.uasset" 213
"../../../Engine/Content/EngineResources/GradientTexture0.uasset" 214
"../../../Engine/Content/EngineSounds/Master.uasset" 215
"../../../Engine/Content/Functions/Engine_MaterialFunctions01/Shading/ConvertFromDiffSpec.uasset" 216
"../../../Engine/Content/Functions/Engine_MaterialFunctions01/Shading/PowerToRoughness.uasset" 217
"../../../Engine/Content/Maps/Templates/Thumbnails/Default.uasset" 218
"../../../Engine/Content/Maps/Templates/Thumbnails/VR-Basic.uasset" 219
"../../../Engine/Content/MobileResources/T_MobileControls_texture.uasset" 220
"../../../Engine/Content/MobileResources/T_MobileMenu2.uasset" 221
"../../../Engine/Content/MobileResources/HUD/AnalogHat.uasset" 222
"../../../Engine/Content/MobileResources/HUD/VirtualJoystick_Background.uasset" 223
"../../../Engine/Content/MobileResources/HUD/VirtualJoystick_Thumb.uasset" 224
"../../../Engine/Content/MobileResources/HUD/DefaultVirtualJoysticks.uasset" 225
"../../../Engine/Content/MobileResources/HUD/LeftVirtualJoystickOnly.uasset" 226
"../../../Engine/Content/MobileResources/HUD/MobileHUDButton1_off.uasset" 227
"../../../Engine/Content/MobileResources/HUD/MobileHUDButton1_on.uasset" 228
"../../../Engine/Content/MobileResources/HUD/MobileHUDButton2_off.uasset" 229
"../../../Engine/Content/MobileResources/HUD/MobileHUDButton2_on.uasset" 230
"../../../Engine/Content/MobileResources/HUD/MobileHUDButton3.uasset" 231
"../../../Engine/Content/MobileResources/HUD/MobileHUDButtonFire.uasset" 232
"../../../Engine/Content/MobileResources/HUD/MobileHUDDirectionPad.uasset" 233
"../../../Engine/Content/MobileResources/HUD/MobileHUDDirectionPad2.uasset" 234
"../../../Engine/Content/MobileResources/HUD/MobileHUDDirectionPad3.uasset" 235
"../../../Engine/Content/MobileResources/HUD/MobileHUDDirectionStick.uasset" 236
"../../../Engine/Content/MobileResources/HUD/T_Castle_ThumbstickInner.uasset" 237
"../../../Engine/Content/MobileResources/HUD/T_Castle_ThumbstickOutter.uasset" 238
"../../../Engine/Content/Tutorial/ContentIntroCurve.uasset" 239
"../../../Engine/Content/Tutorial/Basics/TutorialAssets/icon_tab_Levels_40x.uasset" 240
"../../../Engine/Content/Tutorial/BlueprintTutorials/TutorialAssets/BlueprintInterface_64x.uasset" 241
"../../../Engine/Content/Tutorial/BlueprintTutorials/TutorialAssets/BlueprintMacroLibrary_64x.uasset" 242
"../../../Engine/Content/Tutorial/BlueprintTutorials/TutorialAssets/Blueprint_64x.uasset" 243
"../../../Engine/Content/Tutorial/BlueprintTutorials/TutorialAssets/Tutorial_BP_Interface.uasset" 244
"../../../Engine/Content/Tutorial/Foliage/TutorialAssets/Foliage.uasset" 245
"../../../Engine/Content/Tutorial/Landscape/TutorialAssets/Landscape.uasset" 246
"../../../Engine/Content/Tutorial/Paper2D/TutorialAssets/Paper2DFlipbook_TutorialIcon.uasset" 247
"../../../Engine/Content/Tutorial/Paper2D/TutorialAssets/Paper2DSprite_TutorialIcon.uasset" 248
"../../../Engine/Content/Tutorial/SubEditors/TutorialAssets/icon_Editor_Preferences_General_40x.uasset" 249
"../../../Engine/Content/Tutorial/SubEditors/TutorialAssets/icon_ShowSkeletalMeshes_40x.uasset" 250
"../../../Engine/Content/Tutorial/SubEditors/TutorialAssets/TutorialMaterial.uasset" 251
"../../../Engine/Content/Tutorial/SubEditors/TutorialAssets/T_SmokeSubUV_8X8.uasset" 252
"../../../Engine/Content/Tutorial/SubEditors/TutorialAssets/T_soft_smoke.uasset" 253
"../../../Engine/Content/Tutorial/SubEditors/TutorialAssets/M_smoke_subUV_blackbody.uasset" 254
"../../../Engine/Content/Tutorial/SubEditors/TutorialAssets/TutorialParticleSystem.uasset" 255
"../../../Engine/Content/VREditor/Devices/Generic/GenericHMDMaterial.uasset" 256
"../../../Engine/Content/VREditor/Devices/Generic/GenericHMD.uasset" 257
"../../../Engine/Content/Functions/Engine_MaterialFunctions02/Utility/BreakOutFloat3Components.uasset" 258
"../../../Engine/Content/VREditor/Devices/Vive/VivePreController_MasksB.uasset" 259
"../../../Engine/Content/VREditor/Devices/Oculus/OculusControllerMaterial.uasset" 260
"../../../Engine/Content/VREditor/Devices/Oculus/OculusControllerMaterial_Inst.uasset" 261
"../../../Engine/Content/VREditor/Devices/Oculus/OculusControllerMesh.uasset" 262
"../../../Engine/Content/VREditor/Devices/Vive/T_VivePreController_EM.uasset" 263
"../../../Engine/Content/VREditor/Devices/Vive/VivePreController_MasksA.uasset" 264
"../../../Engine/Content/VREditor/Devices/Vive/VivePreControllerDiffuse.uasset" 265
"../../../Engine/Content/VREditor/Devices/Vive/VivePreControllerSpec.uasset" 266
"../../../Engine/Content/VREditor/LaserPointer/VR_LaserPower_01.uasset" 267
"../../../Engine/Content/VREditor/Devices/Vive/VivePreControllerMaterial.uasset" 268
"../../../Engine/Content/VREditor/Devices/Vive/VivePreControllerMaterial_Inst.uasset" 269
"../../../Engine/Content/VREditor/Devices/Vive/VivePreControllerMesh.uasset" 270
"../../../Engine/Content/VREditor/FloatingText/LineMaterial.uasset" 271
"../../../Engine/Content/VREditor/FloatingText/JointSphere.uasset" 272
"../../../Engine/Content/VREditor/FloatingText/LineSegmentCylinder.uasset" 273
"../../../Engine/Content/VREditor/Fonts/VRText_RobotoLarge.uasset" 274
"../../../Engine/Content/VREditor/Fonts/VRTextMaterial.uasset" 275
"../../../Engine/Content/VREditor/Fonts/TranslucentVRTextMaterial.uasset" 276
"../../../Engine/Content/VREditor/LaserPointer/CursorPointer.uasset" 277
"../../../Engine/Content/VREditor/TransformGizmo/TransformGizmoMaterial.uasset" 278
"../../../Engine/Content/VREditor/LaserPointer/HoverMaterial.uasset" 279
"../../../Engine/Content/VREditor/TransformGizmo/TranslucentTransformGizmoMaterial.uasset" 280
"../../../Engine/Content/VREditor/LaserPointer/TranslucentHoverMaterial.uasset" 281
"../../../Engine/Content/VREditor/LaserPointer/HoverMesh.uasset" 282
"../../../Engine/Content/VREditor/LaserPointer/LaserPointerMaterial.uasset" 283
"../../../Engine/Content/VREditor/LaserPointer/LaserPointerMaterialInst.uasset" 284
"../../../Engine/Content/VREditor/LaserPointer/TranslucentLaserPointerMaterialInst.uasset" 285
"../../../Engine/Content/VREditor/LaserPointer/LaserPointerMesh.uasset" 286
"../../../Engine/Content/VREditor/LaserPointer/LaserPointerMesh_End.uasset" 287
"../../../Engine/Content/VREditor/LaserPointer/LaserPointerMesh_Start.uasset" 288
"../../../Engine/Content/VREditor/Sounds/VR_teleport.uasset" 289
"../../../Engine/Content/VREditor/Sounds/UI/Click_on_Button.uasset" 290
"../../../Engine/Content/VREditor/Sounds/UI/Click_on_Button_Cue.uasset" 291
"../../../Engine/Content/VREditor/Sounds/UI/Dockable_Window_Close.uasset" 292
"../../../Engine/Content/VREditor/Sounds/UI/Dockable_Window_Drop.uasset" 293
"../../../Engine/Content/VREditor/Sounds/UI/Dockable_Window_Open.uasset" 294
"../../../Engine/Content/VREditor/Sounds/UI/Dockable_Window_Pick_Up.uasset" 295
"../../../Engine/Content/VREditor/Sounds/UI/Drop_Item_From_ContentBrowser.uasset" 296
"../../../Engine/Content/VREditor/Sounds/UI/Floating_UI_Open-001.uasset" 297
"../../../Engine/Content/VREditor/Sounds/UI/Radial_Menu_FadeOut.uasset" 298
"../../../Engine/Content/VREditor/Sounds/UI/Teleport_Mode_Entered.uasset" 299
"../../../Engine/Content/VREditor/Teleport/TeleportDirectionMaterial.uasset" 300
"../../../Engine/Content/VREditor/Teleport/TeleportDirectionMaterial_Inst.uasset" 301
"../../../Engine/Content/VREditor/Teleport/TeleportDirectionMesh.uasset" 302
"../../../Engine/Content/VREditor/TransformGizmo/BoundingBoxCorner.uasset" 303
"../../../Engine/Content/VREditor/TransformGizmo/BoundingBoxEdge.uasset" 304
"../../../Engine/Content/VREditor/TransformGizmo/PlaneTranslationHandle.uasset" 305
"../../../Engine/Content/VREditor/TransformGizmo/Main.uasset" 306
"../../../Engine/Content/VREditor/TransformGizmo/Xray.uasset" 307
"../../../Engine/Content/VREditor/TransformGizmo/SM_Dialog_Close.uasset" 308
"../../../Engine/Content/VREditor/TransformGizmo/SM_Dialog_Move.uasset" 309
"../../../Engine/Content/VREditor/TransformGizmo/SM_Sequencer_Key.uasset" 310
"../../../Engine/Content/VREditor/TransformGizmo/SM_Sequencer_Node.uasset" 311
"../../../Engine/Content/VREditor/TransformGizmo/TransformGizmoMaterial_Inst.uasset" 312
"../../../Engine/Content/VREditor/TransformGizmo/TranslucentTransformGizmoMaterial_Inst.uasset" 313
"../../../Engine/Content/VREditor/Devices/Vive/UE4_Logo.uasset" 314
"../../../Engine/Content/VREditor/UI/M_ContentWindow.uasset" 315
"../../../Engine/Content/VREditor/UI/SM_ContentWindow_01.uasset" 316
"../../../Engine/Content/VREditor/UI/KeyDiskMaterial.uasset" 317
"../../../Engine/Content/VREditor/UI/DiscMaterial.uasset" 318
"../../../Engine/Content/VREditor/UI/SM_Radial_Disk.uasset" 319
"../../../Engine/Content/VREditor/UI/ArrowMaterial.uasset" 320
"../../../Engine/Content/VREditor/UI/SM_Radial_Pointer.uasset" 321
"../../../Engine/Content/VREditor/WorldMovementGrid/SimpleGrid.uasset" 322
"../../../Engine/Content/VREditor/WorldMovementGrid/GridMaterial.uasset" 323
"../../../Engine/Content/Functions/Engine_MaterialFunctions01/Density/ExponentialDensity.uasset" 324
"../../../Engine/Content/VREditor/WorldMovementGrid/GridPostProcess.uasset" 325
"../../../Engine/Content/EditorLandscapeResources/FlattenHeightMat.uasset" 326
"../../../Engine/Content/VREditor/WorldMovementGrid/PlaneMesh.uasset" 327
"../../Plugins/2D/Paper2D/Content/PlaceholderTextures/DummySpriteTexture.uasset" 328
"../../Plugins/2D/Paper2D/Content/DummySprite.uasset" 329
"../../Plugins/2D/Paper2D/Content/DefaultPaperTerrainMaterial.uasset" 330
"../../Plugins/2D/Paper2D/Content/DefaultSpriteMaterial.uasset" 331
"../../Plugins/2D/Paper2D/Content/MaskedUnlitSpriteMaterial.uasset" 332
"../../Plugins/2D/Paper2D/Content/OpaqueUnlitSpriteMaterial.uasset" 333
"../../Plugins/Media/MediaCompositing/Content/DefaultMediaPlaneTexture.uasset" 334
"../../Plugins/Media/MediaCompositing/Content/DefaultMediaPlaneMaterial.uasset" 335
"../../../Engine/Content/Functions/Engine_MaterialFunctions02/Utility/MakeFloat4.uasset" 336
"../../Plugins/Runtime/AppleARKit/Content/ARKitCameraMaterial.uasset" 337
"../../Plugins/Runtime/Oculus/OculusVR/Content/Textures/GearVRController_AO.uasset" 338
"../../Plugins/Runtime/Oculus/OculusVR/Content/Textures/GearVRController_Color.uasset" 339
"../../Plugins/Runtime/Oculus/OculusVR/Content/Textures/GearVRController_Normal.uasset" 340
"../../Plugins/Runtime/Oculus/OculusVR/Content/Materials/GearVRControllerMaterial.uasset" 341
"../../Plugins/Runtime/Oculus/OculusVR/Content/Meshes/GearVrController.uasset" 342
"E:/Documents/Professional Things/Capstone/TAD_v00.00.01/Dinochan_v001/Content/StarterContent/Blueprints/Assets/FogBrightnessLUT.uasset" 343
"E:/Documents/Professional Things/Capstone/TAD_v00.00.01/Dinochan_v001/Content/StarterContent/Blueprints/Assets/SunlightColorLUT.uasset" 344
"E:/Documents/Professional Things/Capstone/TAD_v00.00.01/Dinochan_v001/Content/StarterContent/Blueprints/Assets/M_LightStage_Arrows.uasset" 345
"../../../Engine/Content/MapTemplates/Sky/DaylightAmbientCubemap.uasset" 346
"E:/Documents/Professional Things/Capstone/TAD_v00.00.01/Dinochan_v001/Content/StarterContent/Blueprints/Assets/M_LightStage_Skybox_Master.uasset" 347
"E:/Documents/Professional Things/Capstone/TAD_v00.00.01/Dinochan_v001/Content/StarterContent/Blueprints/Assets/M_LightStage_Skybox_Black.uasset" 348
"E:/Documents/Professional Things/Capstone/TAD_v00.00.01/Dinochan_v001/Content/StarterContent/Blueprints/Assets/M_LightStage_Skybox_HDRI.uasset" 349
"../../../Engine/Content/EditorMaterials/Thumbnails/SkySphereMaterial.uasset" 350
"E:/Documents/Professional Things/Capstone/TAD_v00.00.01/Dinochan_v001/Content/StarterContent/Blueprints/Assets/Skybox.uasset" 351
"E:/Documents/Professional Things/Capstone/TAD_v00.00.01/Dinochan_v001/Content/StarterContent/Blueprints/Assets/SM_Arrows.uasset" 352
"E:/Documents/Professional Things/Capstone/TAD_v00.00.01/Dinochan_v001/Content/StarterContent/HDRI/HDRI_Epic_Courtyard_Daylight.uasset" 353
"E:/Documents/Professional Things/Capstone/TAD_v00.00.01/Dinochan_v001/Content/StarterContent/Blueprints/BP_LightStudio.uasset" 354
"E:/Documents/Professional Things/Capstone/TAD_v00.00.01/Dinochan_v001/Content/StarterContent/Maps/Advanced_Lighting_BuiltData.uasset" 355
"E:/Documents/Professional Things/Capstone/TAD_v00.00.01/Dinochan_v001/Content/StarterContent/Materials/M_AssetPlatform.uasset" 356
"../../../Engine/Content/EditorMeshes/ColorCalibrator/M_ChromeBall.uasset" 357
"../../../Engine/Content/EditorMeshes/ColorCalibrator/M_ClearCoat.uasset" 358
"../../../Engine/Content/EditorMeshes/ColorCalibrator/M_ClearCoatBlack.uasset" 359
"../../../Engine/Content/EditorMeshes/ColorCalibrator/Color_checker.uasset" 360
"../../../Engine/Content/EditorMeshes/ColorCalibrator/M_ColorGrid.uasset" 361
"../../../Engine/Content/EditorMeshes/ColorCalibrator/M_GreyBall.uasset" 362
"../../../Engine/Content/EditorMeshes/ColorCalibrator/SM_ColorCalibrator.uasset" 363
"E:/Documents/Professional Things/Capstone/TAD_v00.00.01/Dinochan_v001/Content/StarterContent/Architecture/SM_AssetPlatform.uasset" 364
"E:/Documents/Professional Things/Capstone/TAD_v00.00.01/Dinochan_v001/Content/StarterContent/Maps/Advanced_Lighting.umap" 365
"../../../Engine/Content/EngineSky/C_Sky_Cloud_Color.uasset" 366
"../../../Engine/Content/EngineSky/C_Sky_Horizon_Color.uasset" 367
"../../../Engine/Content/EngineSky/C_Sky_Zenith_Color.uasset" 368
"../../../Engine/Content/EngineSky/T_Sky_Blue.uasset" 369
"../../../Engine/Content/EngineSky/T_Sky_Clouds_M.uasset" 370
"../../../Engine/Content/EngineSky/T_Sky_Stars.uasset" 371
"../../../Engine/Content/EngineSky/M_Sky_Panning_Clouds2.uasset" 372
"../../../Engine/Content/EngineSky/SM_SkySphere.uasset" 373
"../../../Engine/Content/EngineSky/BP_Sky_Sphere.uasset" 374
"E:/Documents/Professional Things/Capstone/TAD_v00.00.01/Dinochan_v001/Content/StarterContent/Maps/Minimal_Default_BuiltData.uasset" 375
"E:/Documents/Professional Things/Capstone/TAD_v00.00.01/Dinochan_v001/Content/StarterContent/Textures/T_MacroVariation.uasset" 376
"E:/Documents/Professional Things/Capstone/TAD_v00.00.01/Dinochan_v001/Content/StarterContent/Materials/M_Metal_Brushed_Nickel.uasset" 377
"E:/Documents/Professional Things/Capstone/TAD_v00.00.01/Dinochan_v001/Content/StarterContent/Textures/T_Metal_Aluminum_D.uasset" 378
"E:/Documents/Professional Things/Capstone/TAD_v00.00.01/Dinochan_v001/Content/StarterContent/Textures/T_Metal_Gold_N.uasset" 379
"E:/Documents/Professional Things/Capstone/TAD_v00.00.01/Dinochan_v001/Content/StarterContent/Materials/M_Metal_Burnished_Steel.uasset" 380
"E:/Documents/Professional Things/Capstone/TAD_v00.00.01/Dinochan_v001/Content/StarterContent/Textures/T_Metal_Copper_D.uasset" 381
"E:/Documents/Professional Things/Capstone/TAD_v00.00.01/Dinochan_v001/Content/StarterContent/Materials/M_Metal_Copper.uasset" 382
"E:/Documents/Professional Things/Capstone/TAD_v00.00.01/Dinochan_v001/Content/StarterContent/Textures/T_Statue_M.uasset" 383
"E:/Documents/Professional Things/Capstone/TAD_v00.00.01/Dinochan_v001/Content/StarterContent/Textures/T_Statue_N.uasset" 384
"E:/Documents/Professional Things/Capstone/TAD_v00.00.01/Dinochan_v001/Content/StarterContent/Props/Materials/M_StatueGlass.uasset" 385
"E:/Documents/Professional Things/Capstone/TAD_v00.00.01/Dinochan_v001/Content/StarterContent/Architecture/Floor_400x400.uasset" 386
"E:/Documents/Professional Things/Capstone/TAD_v00.00.01/Dinochan_v001/Content/StarterContent/Audio/Starter_Background_Cue.uasset" 387
"E:/Documents/Professional Things/Capstone/TAD_v00.00.01/Dinochan_v001/Content/StarterContent/Props/SM_Chair.uasset" 388
"E:/Documents/Professional Things/Capstone/TAD_v00.00.01/Dinochan_v001/Content/StarterContent/Props/Materials/M_Statue.uasset" 389
"E:/Documents/Professional Things/Capstone/TAD_v00.00.01/Dinochan_v001/Content/StarterContent/Props/SM_Statue.uasset" 390
"E:/Documents/Professional Things/Capstone/TAD_v00.00.01/Dinochan_v001/Content/StarterContent/Textures/T_TableRound_M.uasset" 391
"E:/Documents/Professional Things/Capstone/TAD_v00.00.01/Dinochan_v001/Content/StarterContent/Textures/T_TableRound_N.uasset" 392
"E:/Documents/Professional Things/Capstone/TAD_v00.00.01/Dinochan_v001/Content/StarterContent/Props/Materials/M_TableRound.uasset" 393
"E:/Documents/Professional Things/Capstone/TAD_v00.00.01/Dinochan_v001/Content/StarterContent/Props/SM_TableRound.uasset" 394
"E:/Documents/Professional Things/Capstone/TAD_v00.00.01/Dinochan_v001/Content/StarterContent/Maps/Minimal_Default.umap" 395
"E:/Documents/Professional Things/Capstone/TAD_v00.00.01/Dinochan_v001/Content/StarterContent/Audio/Fire01_Cue.uasset" 396
"E:/Documents/Professional Things/Capstone/TAD_v00.00.01/Dinochan_v001/Content/StarterContent/Textures/T_Fire_SubUV.uasset" 397
"E:/Documents/Professional Things/Capstone/TAD_v00.00.01/Dinochan_v001/Content/StarterContent/Textures/T_Fire_Tiled_D.uasset" 398
"E:/Documents/Professional Things/Capstone/TAD_v00.00.01/Dinochan_v001/Content/StarterContent/Particles/Materials/M_Fire_SubUV.uasset" 399
"E:/Documents/Professional Things/Capstone/TAD_v00.00.01/Dinochan_v001/Content/StarterContent/Textures/T_Water_N.uasset" 400
"E:/Documents/Professional Things/Capstone/TAD_v00.00.01/Dinochan_v001/Content/StarterContent/Particles/Materials/M_Heat_Distortion.uasset" 401
"E:/Documents/Professional Things/Capstone/TAD_v00.00.01/Dinochan_v001/Content/StarterContent/Particles/Materials/M_Radial_Gradient.uasset" 402
"E:/Documents/Professional Things/Capstone/TAD_v00.00.01/Dinochan_v001/Content/StarterContent/Particles/P_Fire.uasset" 403
"E:/Documents/Professional Things/Capstone/TAD_v00.00.01/Dinochan_v001/Content/StarterContent/Blueprints/Blueprint_Effect_Fire.uasset" 404
"E:/Documents/Professional Things/Capstone/TAD_v00.00.01/Dinochan_v001/Content/StarterContent/Audio/Smoke01_Cue.uasset" 405
"E:/Documents/Professional Things/Capstone/TAD_v00.00.01/Dinochan_v001/Content/StarterContent/Particles/P_Smoke.uasset" 406
"E:/Documents/Professional Things/Capstone/TAD_v00.00.01/Dinochan_v001/Content/StarterContent/Blueprints/Blueprint_Effect_Smoke.uasset" 407
"E:/Documents/Professional Things/Capstone/TAD_v00.00.01/Dinochan_v001/Content/StarterContent/Audio/Fire_Sparks01_Cue.uasset" 408
"E:/Documents/Professional Things/Capstone/TAD_v00.00.01/Dinochan_v001/Content/StarterContent/Textures/T_Spark_Core.uasset" 409
"E:/Documents/Professional Things/Capstone/TAD_v00.00.01/Dinochan_v001/Content/StarterContent/Particles/Materials/M_Spark.uasset" 410
"E:/Documents/Professional Things/Capstone/TAD_v00.00.01/Dinochan_v001/Content/StarterContent/Particles/P_Sparks.uasset" 411
"E:/Documents/Professional Things/Capstone/TAD_v00.00.01/Dinochan_v001/Content/StarterContent/Blueprints/Blueprint_Effect_Sparks.uasset" 412
"E:/Documents/Professional Things/Capstone/TAD_v00.00.01/Dinochan_v001/Content/StarterContent/Audio/Steam01_Cue.uasset" 413
"E:/Documents/Professional Things/Capstone/TAD_v00.00.01/Dinochan_v001/Content/StarterContent/Particles/P_Steam_Lit.uasset" 414
"E:/Documents/Professional Things/Capstone/TAD_v00.00.01/Dinochan_v001/Content/StarterContent/Blueprints/Blueprint_Effect_Steam.uasset" 415
"E:/Documents/Professional Things/Capstone/TAD_v00.00.01/Dinochan_v001/Content/StarterContent/Textures/T_Lamp_M.uasset" 416
"E:/Documents/Professional Things/Capstone/TAD_v00.00.01/Dinochan_v001/Content/StarterContent/Textures/T_Lamp_N.uasset" 417
"E:/Documents/Professional Things/Capstone/TAD_v00.00.01/Dinochan_v001/Content/StarterContent/Props/Materials/M_Lamp.uasset" 418
"E:/Documents/Professional Things/Capstone/TAD_v00.00.01/Dinochan_v001/Content/StarterContent/Props/SM_Lamp_Ceiling.uasset" 419
"E:/Documents/Professional Things/Capstone/TAD_v00.00.01/Dinochan_v001/Content/StarterContent/Blueprints/Blueprint_CeilingLight.uasset" 420
"E:/Documents/Professional Things/Capstone/TAD_v00.00.01/Dinochan_v001/Content/StarterContent/Props/SM_Lamp_Wall.uasset" 421
"E:/Documents/Professional Things/Capstone/TAD_v00.00.01/Dinochan_v001/Content/StarterContent/Blueprints/Blueprint_WallSconce.uasset" 422
"E:/Documents/Professional Things/Capstone/TAD_v00.00.01/Dinochan_v001/Content/StarterContent/Maps/StarterMap_BuiltData.uasset" 423
"../../../Engine/Content/Functions/Engine_MaterialFunctions03/Procedurals/ComputeFilterWidth.uasset" 424
"../../../Engine/Content/EngineMaterials/AntiAliasedTextMaterialTranslucent.uasset" 425
"E:/Documents/Professional Things/Capstone/TAD_v00.00.01/Dinochan_v001/Content/StarterContent/Textures/T_Brick_Clay_Beveled_D.uasset" 426
"E:/Documents/Professional Things/Capstone/TAD_v00.00.01/Dinochan_v001/Content/StarterContent/Textures/T_Brick_Clay_Beveled_M.uasset" 427
"E:/Documents/Professional Things/Capstone/TAD_v00.00.01/Dinochan_v001/Content/StarterContent/Textures/T_Brick_Clay_Beveled_N.uasset" 428
"E:/Documents/Professional Things/Capstone/TAD_v00.00.01/Dinochan_v001/Content/StarterContent/Materials/M_Brick_Clay_Beveled.uasset" 429
"E:/Documents/Professional Things/Capstone/TAD_v00.00.01/Dinochan_v001/Content/StarterContent/Textures/T_Brick_Clay_New_D.uasset" 430
"E:/Documents/Professional Things/Capstone/TAD_v00.00.01/Dinochan_v001/Content/StarterContent/Textures/T_Brick_Clay_New_M.uasset" 431
"E:/Documents/Professional Things/Capstone/TAD_v00.00.01/Dinochan_v001/Content/StarterContent/Textures/T_Brick_Clay_New_N.uasset" 432
"E:/Documents/Professional Things/Capstone/TAD_v00.00.01/Dinochan_v001/Content/StarterContent/Materials/M_Brick_Clay_New.uasset" 433
"E:/Documents/Professional Things/Capstone/TAD_v00.00.01/Dinochan_v001/Content/StarterContent/Textures/T_Brick_Clay_Old_D.uasset" 434
"E:/Documents/Professional Things/Capstone/TAD_v00.00.01/Dinochan_v001/Content/StarterContent/Textures/T_Brick_Clay_Old_N.uasset" 435
"E:/Documents/Professional Things/Capstone/TAD_v00.00.01/Dinochan_v001/Content/StarterContent/Textures/T_Perlin_Noise_M.uasset" 436
"E:/Documents/Professional Things/Capstone/TAD_v00.00.01/Dinochan_v001/Content/StarterContent/Materials/M_Brick_Clay_Old.uasset" 437
"E:/Documents/Professional Things/Capstone/TAD_v00.00.01/Dinochan_v001/Content/StarterContent/Textures/T_Brick_Cut_Stone_D.uasset" 438
"E:/Documents/Professional Things/Capstone/TAD_v00.00.01/Dinochan_v001/Content/StarterContent/Textures/T_Brick_Cut_Stone_N.uasset" 439
"E:/Documents/Professional Things/Capstone/TAD_v00.00.01/Dinochan_v001/Content/StarterContent/Materials/M_Brick_Cut_Stone.uasset" 440
"E:/Documents/Professional Things/Capstone/TAD_v00.00.01/Dinochan_v001/Content/StarterContent/Textures/T_Brick_Hewn_Stone_D.uasset" 441
"E:/Documents/Professional Things/Capstone/TAD_v00.00.01/Dinochan_v001/Content/StarterContent/Textures/T_Brick_Hewn_Stone_M.uasset" 442
"E:/Documents/Professional Things/Capstone/TAD_v00.00.01/Dinochan_v001/Content/StarterContent/Textures/T_Brick_Hewn_Stone_N.uasset" 443
"E:/Documents/Professional Things/Capstone/TAD_v00.00.01/Dinochan_v001/Content/StarterContent/Materials/M_Brick_Hewn_Stone.uasset" 444
"E:/Documents/Professional Things/Capstone/TAD_v00.00.01/Dinochan_v001/Content/StarterContent/Textures/T_Ceramic_Tile_M.uasset" 445
"E:/Documents/Professional Things/Capstone/TAD_v00.00.01/Dinochan_v001/Content/StarterContent/Textures/T_Ceramic_Tile_N.uasset" 446
"E:/Documents/Professional Things/Capstone/TAD_v00.00.01/Dinochan_v001/Content/StarterContent/Textures/T_Rock_Marble_Polished_D.uasset" 447
"E:/Documents/Professional Things/Capstone/TAD_v00.00.01/Dinochan_v001/Content/StarterContent/Materials/M_Ceramic_Tile_Checker.uasset" 448
"E:/Documents/Professional Things/Capstone/TAD_v00.00.01/Dinochan_v001/Content/StarterContent/Textures/T_CobbleStone_Pebble_D.uasset" 449
"E:/Documents/Professional Things/Capstone/TAD_v00.00.01/Dinochan_v001/Content/StarterContent/Textures/T_CobbleStone_Pebble_M.uasset" 450
"E:/Documents/Professional Things/Capstone/TAD_v00.00.01/Dinochan_v001/Content/StarterContent/Textures/T_CobbleStone_Pebble_N.uasset" 451
"E:/Documents/Professional Things/Capstone/TAD_v00.00.01/Dinochan_v001/Content/StarterContent/Materials/M_CobbleStone_Pebble.uasset" 452
"E:/Documents/Professional Things/Capstone/TAD_v00.00.01/Dinochan_v001/Content/StarterContent/Textures/T_CobbleStone_Rough_D.uasset" 453
"E:/Documents/Professional Things/Capstone/TAD_v00.00.01/Dinochan_v001/Content/StarterContent/Textures/T_CobbleStone_Rough_N.uasset" 454
"E:/Documents/Professional Things/Capstone/TAD_v00.00.01/Dinochan_v001/Content/StarterContent/Textures/T_Gradinet_01.uasset" 455
"E:/Documents/Professional Things/Capstone/TAD_v00.00.01/Dinochan_v001/Content/StarterContent/Textures/T_Rock_Smooth_Granite_D.uasset" 456
"E:/Documents/Professional Things/Capstone/TAD_v00.00.01/Dinochan_v001/Content/StarterContent/Materials/M_CobbleStone_Rough.uasset" 457
"E:/Documents/Professional Things/Capstone/TAD_v00.00.01/Dinochan_v001/Content/StarterContent/Textures/T_CobbleStone_Smooth_D.uasset" 458
"E:/Documents/Professional Things/Capstone/TAD_v00.00.01/Dinochan_v001/Content/StarterContent/Textures/T_CobbleStone_Smooth_M.uasset" 459
"E:/Documents/Professional Things/Capstone/TAD_v00.00.01/Dinochan_v001/Content/StarterContent/Textures/T_CobbleStone_Smooth_N.uasset" 460
"E:/Documents/Professional Things/Capstone/TAD_v00.00.01/Dinochan_v001/Content/StarterContent/Materials/M_CobbleStone_Smooth.uasset" 461
"E:/Documents/Professional Things/Capstone/TAD_v00.00.01/Dinochan_v001/Content/StarterContent/Textures/T_Concrete_Grime_D.uasset" 462
"E:/Documents/Professional Things/Capstone/TAD_v00.00.01/Dinochan_v001/Content/StarterContent/Textures/T_Metal_Rust_N.uasset" 463
"E:/Documents/Professional Things/Capstone/TAD_v00.00.01/Dinochan_v001/Content/StarterContent/Materials/M_Concrete_Grime.uasset" 464
"E:/Documents/Professional Things/Capstone/TAD_v00.00.01/Dinochan_v001/Content/StarterContent/Textures/T_Concrete_Panels_D.uasset" 465
"E:/Documents/Professional Things/Capstone/TAD_v00.00.01/Dinochan_v001/Content/StarterContent/Textures/T_Concrete_Panels_N.uasset" 466
"E:/Documents/Professional Things/Capstone/TAD_v00.00.01/Dinochan_v001/Content/StarterContent/Materials/M_Concrete_Panels.uasset" 467
"E:/Documents/Professional Things/Capstone/TAD_v00.00.01/Dinochan_v001/Content/StarterContent/Textures/T_Concrete_Poured_D.uasset" 468
"E:/Documents/Professional Things/Capstone/TAD_v00.00.01/Dinochan_v001/Content/StarterContent/Textures/T_Concrete_Poured_N.uasset" 469
"E:/Documents/Professional Things/Capstone/TAD_v00.00.01/Dinochan_v001/Content/StarterContent/Materials/M_Concrete_Poured.uasset" 470
"E:/Documents/Professional Things/Capstone/TAD_v00.00.01/Dinochan_v001/Content/StarterContent/Textures/T_Concrete_Tiles_D.uasset" 471
"E:/Documents/Professional Things/Capstone/TAD_v00.00.01/Dinochan_v001/Content/StarterContent/Textures/T_Concrete_Tiles_M.uasset" 472
"E:/Documents/Professional Things/Capstone/TAD_v00.00.01/Dinochan_v001/Content/StarterContent/Textures/T_Concrete_Tiles_N.uasset" 473
"E:/Documents/Professional Things/Capstone/TAD_v00.00.01/Dinochan_v001/Content/StarterContent/Textures/T_Concrete_Tiles_Variation_M.uasset" 474
"E:/Documents/Professional Things/Capstone/TAD_v00.00.01/Dinochan_v001/Content/StarterContent/Materials/M_Concrete_Tiles.uasset" 475
"E:/Documents/Professional Things/Capstone/TAD_v00.00.01/Dinochan_v001/Content/StarterContent/Textures/T_Ground_Grass_D.uasset" 476
"E:/Documents/Professional Things/Capstone/TAD_v00.00.01/Dinochan_v001/Content/StarterContent/Textures/T_Ground_Grass_N.uasset" 477
"E:/Documents/Professional Things/Capstone/TAD_v00.00.01/Dinochan_v001/Content/StarterContent/Materials/M_Ground_Grass.uasset" 478
"E:/Documents/Professional Things/Capstone/TAD_v00.00.01/Dinochan_v001/Content/StarterContent/Textures/T_Ground_Gravel_D.uasset" 479
"E:/Documents/Professional Things/Capstone/TAD_v00.00.01/Dinochan_v001/Content/StarterContent/Textures/T_Ground_Gravel_N.uasset" 480
"E:/Documents/Professional Things/Capstone/TAD_v00.00.01/Dinochan_v001/Content/StarterContent/Materials/M_Ground_Gravel.uasset" 481
"E:/Documents/Professional Things/Capstone/TAD_v00.00.01/Dinochan_v001/Content/StarterContent/Textures/T_ground_Moss_D.uasset" 482
"E:/Documents/Professional Things/Capstone/TAD_v00.00.01/Dinochan_v001/Content/StarterContent/Textures/T_Ground_Moss_N.uasset" 483
"E:/Documents/Professional Things/Capstone/TAD_v00.00.01/Dinochan_v001/Content/StarterContent/Materials/M_Ground_Moss.uasset" 484
"E:/Documents/Professional Things/Capstone/TAD_v00.00.01/Dinochan_v001/Content/StarterContent/Materials/M_Metal_Chrome.uasset" 485
"E:/Documents/Professional Things/Capstone/TAD_v00.00.01/Dinochan_v001/Content/StarterContent/Textures/T_Metal_Gold_D.uasset" 486
"E:/Documents/Professional Things/Capstone/TAD_v00.00.01/Dinochan_v001/Content/StarterContent/Materials/M_Metal_Gold.uasset" 487
"E:/Documents/Professional Things/Capstone/TAD_v00.00.01/Dinochan_v001/Content/StarterContent/Textures/T_Metal_Rust_D.uasset" 488
"E:/Documents/Professional Things/Capstone/TAD_v00.00.01/Dinochan_v001/Content/StarterContent/Materials/M_Metal_Rust.uasset" 489
"E:/Documents/Professional Things/Capstone/TAD_v00.00.01/Dinochan_v001/Content/StarterContent/Textures/T_Metal_Steel_D.uasset" 490
"E:/Documents/Professional Things/Capstone/TAD_v00.00.01/Dinochan_v001/Content/StarterContent/Textures/T_Metal_Steel_N.uasset" 491
"E:/Documents/Professional Things/Capstone/TAD_v00.00.01/Dinochan_v001/Content/StarterContent/Materials/M_Metal_Steel.uasset" 492
"E:/Documents/Professional Things/Capstone/TAD_v00.00.01/Dinochan_v001/Content/StarterContent/Textures/T_Rock_Basalt_N.uasset" 493
"E:/Documents/Professional Things/Capstone/TAD_v00.00.01/Dinochan_v001/Content/StarterContent/Materials/M_Rock_Basalt.uasset" 494
"E:/Documents/Professional Things/Capstone/TAD_v00.00.01/Dinochan_v001/Content/StarterContent/Materials/M_Rock_Marble_Polished.uasset" 495
"E:/Documents/Professional Things/Capstone/TAD_v00.00.01/Dinochan_v001/Content/StarterContent/Textures/T_Rock_Sandstone_D.uasset" 496
"E:/Documents/Professional Things/Capstone/TAD_v00.00.01/Dinochan_v001/Content/StarterContent/Textures/T_Rock_Sandstone_N.uasset" 497
"E:/Documents/Professional Things/Capstone/TAD_v00.00.01/Dinochan_v001/Content/StarterContent/Materials/M_Rock_Sandstone.uasset" 498
"E:/Documents/Professional Things/Capstone/TAD_v00.00.01/Dinochan_v001/Content/StarterContent/Textures/T_Rock_Slate_D.uasset" 499
"E:/Documents/Professional Things/Capstone/TAD_v00.00.01/Dinochan_v001/Content/StarterContent/Textures/T_Rock_Slate_N.uasset" 500
"E:/Documents/Professional Things/Capstone/TAD_v00.00.01/Dinochan_v001/Content/StarterContent/Materials/M_Rock_Slate.uasset" 501
"E:/Documents/Professional Things/Capstone/TAD_v00.00.01/Dinochan_v001/Content/StarterContent/Textures/T_Checker_Noise_M.uasset" 502
"E:/Documents/Professional Things/Capstone/TAD_v00.00.01/Dinochan_v001/Content/StarterContent/Textures/T_Single_Tile_N.uasset" 503
"E:/Documents/Professional Things/Capstone/TAD_v00.00.01/Dinochan_v001/Content/StarterContent/Textures/T_Tech_Dot_M.uasset" 504
"E:/Documents/Professional Things/Capstone/TAD_v00.00.01/Dinochan_v001/Content/StarterContent/Textures/T_Tech_Dot_N.uasset" 505
"E:/Documents/Professional Things/Capstone/TAD_v00.00.01/Dinochan_v001/Content/StarterContent/Materials/M_Tech_Checker_Dot.uasset" 506
"E:/Documents/Professional Things/Capstone/TAD_v00.00.01/Dinochan_v001/Content/StarterContent/Textures/T_Tech_Hex_Tile_M.uasset" 507
"E:/Documents/Professional Things/Capstone/TAD_v00.00.01/Dinochan_v001/Content/StarterContent/Textures/T_Tech_Hex_Tile_N.uasset" 508
"E:/Documents/Professional Things/Capstone/TAD_v00.00.01/Dinochan_v001/Content/StarterContent/Materials/M_Tech_Hex_Tile.uasset" 509
"E:/Documents/Professional Things/Capstone/TAD_v00.00.01/Dinochan_v001/Content/StarterContent/Materials/M_Tech_Hex_Tile_Pulse.uasset" 510
"E:/Documents/Professional Things/Capstone/TAD_v00.00.01/Dinochan_v001/Content/StarterContent/Textures/T_Tech_Panel_M.uasset" 511
"E:/Documents/Professional Things/Capstone/TAD_v00.00.01/Dinochan_v001/Content/StarterContent/Textures/T_Tech_Panel_N.uasset" 512
"E:/Documents/Professional Things/Capstone/TAD_v00.00.01/Dinochan_v001/Content/StarterContent/Materials/M_Tech_Panel.uasset" 513
"E:/Documents/Professional Things/Capstone/TAD_v00.00.01/Dinochan_v001/Content/StarterContent/Materials/M_Water_Lake.uasset" 514
"E:/Documents/Professional Things/Capstone/TAD_v00.00.01/Dinochan_v001/Content/StarterContent/Textures/T_Water_M.uasset" 515
"E:/Documents/Professional Things/Capstone/TAD_v00.00.01/Dinochan_v001/Content/StarterContent/Materials/M_Water_Ocean.uasset" 516
"E:/Documents/Professional Things/Capstone/TAD_v00.00.01/Dinochan_v001/Content/StarterContent/Textures/T_Wood_Floor_Walnut_D.uasset" 517
"E:/Documents/Professional Things/Capstone/TAD_v00.00.01/Dinochan_v001/Content/StarterContent/Textures/T_Wood_Floor_Walnut_M.uasset" 518
"E:/Documents/Professional Things/Capstone/TAD_v00.00.01/Dinochan_v001/Content/StarterContent/Textures/T_Wood_Floor_Walnut_N.uasset" 519
"E:/Documents/Professional Things/Capstone/TAD_v00.00.01/Dinochan_v001/Content/StarterContent/Materials/M_Wood_Floor_Walnut_Polished.uasset" 520
"../../../Engine/Content/Functions/Engine_MaterialFunctions01/Opacity/AlphaOffset.uasset" 521
"E:/Documents/Professional Things/Capstone/TAD_v00.00.01/Dinochan_v001/Content/StarterContent/Materials/M_Wood_Floor_Walnut_Worn.uasset" 522
"E:/Documents/Professional Things/Capstone/TAD_v00.00.01/Dinochan_v001/Content/StarterContent/Textures/T_Wood_Oak_D.uasset" 523
"E:/Documents/Professional Things/Capstone/TAD_v00.00.01/Dinochan_v001/Content/StarterContent/Textures/T_Wood_Oak_N.uasset" 524
"E:/Documents/Professional Things/Capstone/TAD_v00.00.01/Dinochan_v001/Content/StarterContent/Materials/M_Wood_Oak.uasset" 525
"E:/Documents/Professional Things/Capstone/TAD_v00.00.01/Dinochan_v001/Content/StarterContent/Textures/T_Wood_Pine_D.uasset" 526
"E:/Documents/Professional Things/Capstone/TAD_v00.00.01/Dinochan_v001/Content/StarterContent/Textures/T_Wood_Pine_N.uasset" 527
"E:/Documents/Professional Things/Capstone/TAD_v00.00.01/Dinochan_v001/Content/StarterContent/Materials/M_Wood_Pine.uasset" 528
"E:/Documents/Professional Things/Capstone/TAD_v00.00.01/Dinochan_v001/Content/StarterContent/Textures/T_Wood_Walnut_D.uasset" 529
"E:/Documents/Professional Things/Capstone/TAD_v00.00.01/Dinochan_v001/Content/StarterContent/Textures/T_Wood_Walnut_N.uasset" 530
"E:/Documents/Professional Things/Capstone/TAD_v00.00.01/Dinochan_v001/Content/StarterContent/Materials/M_Wood_Walnut.uasset" 531
"E:/Documents/Professional Things/Capstone/TAD_v00.00.01/Dinochan_v001/Content/StarterContent/Architecture/Wall_400x200.uasset" 532
"E:/Documents/Professional Things/Capstone/TAD_v00.00.01/Dinochan_v001/Content/StarterContent/Architecture/Wall_Door_400x300.uasset" 533
"E:/Documents/Professional Things/Capstone/TAD_v00.00.01/Dinochan_v001/Content/StarterContent/Architecture/Wall_Window_400x300.uasset" 534
"E:/Documents/Professional Things/Capstone/TAD_v00.00.01/Dinochan_v001/Content/StarterContent/Audio/Collapse_Cue.uasset" 535
"E:/Documents/Professional Things/Capstone/TAD_v00.00.01/Dinochan_v001/Content/StarterContent/Audio/Starter_Music_Cue.uasset" 536
"E:/Documents/Professional Things/Capstone/TAD_v00.00.01/Dinochan_v001/Content/StarterContent/Textures/T_Dust_Particle_D.uasset" 537
"E:/Documents/Professional Things/Capstone/TAD_v00.00.01/Dinochan_v001/Content/StarterContent/Particles/Materials/M_Dust_Particle.uasset" 538
"E:/Documents/Professional Things/Capstone/TAD_v00.00.01/Dinochan_v001/Content/StarterContent/Particles/P_Ambient_Dust.uasset" 539
"E:/Documents/Professional Things/Capstone/TAD_v00.00.01/Dinochan_v001/Content/StarterContent/Props/MaterialSphere.uasset" 540
"E:/Documents/Professional Things/Capstone/TAD_v00.00.01/Dinochan_v001/Content/StarterContent/Textures/T_Frame_M.uasset" 541
"E:/Documents/Professional Things/Capstone/TAD_v00.00.01/Dinochan_v001/Content/StarterContent/Textures/T_Frame_N.uasset" 542
"E:/Documents/Professional Things/Capstone/TAD_v00.00.01/Dinochan_v001/Content/StarterContent/Props/Materials/M_Frame.uasset" 543
"E:/Documents/Professional Things/Capstone/TAD_v00.00.01/Dinochan_v001/Content/StarterContent/Props/SM_CornerFrame.uasset" 544
"E:/Documents/Professional Things/Capstone/TAD_v00.00.01/Dinochan_v001/Content/StarterContent/Props/SM_DoorFrame.uasset" 545
"E:/Documents/Professional Things/Capstone/TAD_v00.00.01/Dinochan_v001/Content/StarterContent/Props/SM_GlassWindow.uasset" 546
"E:/Documents/Professional Things/Capstone/TAD_v00.00.01/Dinochan_v001/Content/StarterContent/Props/SM_PillarFrame.uasset" 547
"E:/Documents/Professional Things/Capstone/TAD_v00.00.01/Dinochan_v001/Content/StarterContent/Props/SM_PillarFrame300.uasset" 548
"E:/Documents/Professional Things/Capstone/TAD_v00.00.01/Dinochan_v001/Content/StarterContent/Props/SM_WindowFrame.uasset" 549
"E:/Documents/Professional Things/Capstone/TAD_v00.00.01/Dinochan_v001/Content/StarterContent/Shapes/Shape_Cube.uasset" 550
"E:/Documents/Professional Things/Capstone/TAD_v00.00.01/Dinochan_v001/Content/StarterContent/Shapes/Shape_QuadPyramid.uasset" 551
"E:/Documents/Professional Things/Capstone/TAD_v00.00.01/Dinochan_v001/Content/StarterContent/Shapes/Shape_Sphere.uasset" 552
"E:/Documents/Professional Things/Capstone/TAD_v00.00.01/Dinochan_v001/Content/StarterContent/Maps/StarterMap.umap" 553
"E:/Documents/Professional Things/Capstone/TAD_v00.00.01/Dinochan_v001/Content/ThirdPersonBP/Maps/ThirdPersonExampleMap_BuiltData.uasset" 554
"../../../Engine/Content/BasicShapes/BasicShapeMaterial.uasset" 555
"E:/Documents/Professional Things/Capstone/TAD_v00.00.01/Dinochan_v001/Content/Geometry/Meshes/CubeMaterial.uasset" 556
"../../../Engine/Content/BasicShapes/Cube.uasset" 557
"../../../Engine/Content/BasicShapes/Cylinder.uasset" 558
"E:/Documents/Professional Things/Capstone/TAD_v00.00.01/Dinochan_v001/Content/Geometry/Meshes/1M_Cube.uasset" 559
"E:/Documents/Professional Things/Capstone/TAD_v00.00.01/Dinochan_v001/Content/Geometry/Meshes/1M_Cube_Chamfer.uasset" 560
"E:/Documents/Professional Things/Capstone/TAD_v00.00.01/Dinochan_v001/Content/Geometry/Meshes/TemplateFloor.uasset" 561
"E:/Documents/Professional Things/Capstone/TAD_v00.00.01/Dinochan_v001/Content/ThirdPerson/Meshes/RampMaterial.uasset" 562
"E:/Documents/Professional Things/Capstone/TAD_v00.00.01/Dinochan_v001/Content/ThirdPerson/Meshes/Bump_StaticMesh.uasset" 563
"E:/Documents/Professional Things/Capstone/TAD_v00.00.01/Dinochan_v001/Content/ThirdPerson/Meshes/LeftArm_StaticMesh.uasset" 564
"E:/Documents/Professional Things/Capstone/TAD_v00.00.01/Dinochan_v001/Content/ThirdPerson/Meshes/Linear_Stair_StaticMesh.uasset" 565
"E:/Documents/Professional Things/Capstone/TAD_v00.00.01/Dinochan_v001/Content/ThirdPerson/Meshes/Ramp_StaticMesh.uasset" 566
"E:/Documents/Professional Things/Capstone/TAD_v00.00.01/Dinochan_v001/Content/ThirdPerson/Meshes/RightArm_StaticMesh.uasset" 567
"E:/Documents/Professional Things/Capstone/TAD_v00.00.01/Dinochan_v001/Content/ThirdPersonBP/Maps/ThirdPersonExampleMap.umap" 568
"../../../Engine/Content/Maps/Entry.umap" 569
